{"numTotalTestSuites":78,"numPassedTestSuites":63,"numFailedTestSuites":15,"numPendingTestSuites":0,"numTotalTests":145,"numPassedTests":125,"numFailedTests":20,"numPendingTests":0,"numTodoTests":0,"snapshot":{"added":0,"failure":false,"filesAdded":0,"filesRemoved":0,"filesRemovedList":[],"filesUnmatched":0,"filesUpdated":0,"matched":0,"total":0,"unchecked":0,"uncheckedKeysByFile":[],"unmatched":0,"updated":0,"didUpdate":false},"startTime":1765211937154,"success":false,"testResults":[{"assertionResults":[{"ancestorTitles":["authStore","login"],"fullName":"authStore login should set user and token on login","status":"passed","title":"should set user and token on login","duration":18.79910000000018,"failureMessages":[],"meta":{}},{"ancestorTitles":["authStore","logout"],"fullName":"authStore logout should clear user and token on logout","status":"passed","title":"should clear user and token on logout","duration":3.0276999999996406,"failureMessages":[],"meta":{}},{"ancestorTitles":["authStore","logout"],"fullName":"authStore logout should remove auth-storage from localStorage","status":"passed","title":"should remove auth-storage from localStorage","duration":3.4012000000002445,"failureMessages":[],"meta":{}},{"ancestorTitles":["authStore","initial state"],"fullName":"authStore initial state should start unauthenticated","status":"passed","title":"should start unauthenticated","duration":1.9801000000002205,"failureMessages":[],"meta":{}}],"startTime":1765211949411,"endTime":1765211949437.98,"status":"passed","message":"","name":"C:/Users/Marto/Desktop/PCFIX-Baru/packages/web/src/stores/authStore.test.ts"},{"assertionResults":[{"ancestorTitles":["Cart Store"],"fullName":"Cart Store should start with empty items","status":"passed","title":"should start with empty items","duration":2.814100000000053,"failureMessages":[],"meta":{}},{"ancestorTitles":["Cart Store"],"fullName":"Cart Store should add item","status":"passed","title":"should add item","duration":1.5682999999999083,"failureMessages":[],"meta":{}},{"ancestorTitles":["Cart Store"],"fullName":"Cart Store should increment quantity if adding existing item","status":"passed","title":"should increment quantity if adding existing item","duration":0.9358000000001994,"failureMessages":[],"meta":{}},{"ancestorTitles":["Cart Store"],"fullName":"Cart Store should remove item","status":"passed","title":"should remove item","duration":1.1037999999998647,"failureMessages":[],"meta":{}},{"ancestorTitles":["Cart Store"],"fullName":"Cart Store should respect persistence","status":"passed","title":"should respect persistence","duration":0.644800000000032,"failureMessages":[],"meta":{}}],"startTime":1765211949469,"endTime":1765211949476.6448,"status":"passed","message":"","name":"C:/Users/Marto/Desktop/PCFIX-Baru/packages/web/src/stores/cartStore.test.ts"},{"assertionResults":[{"ancestorTitles":["favoritesStore","setFavorites"],"fullName":"favoritesStore setFavorites should set favorite IDs","status":"passed","title":"should set favorite IDs","duration":31.738200000000234,"failureMessages":[],"meta":{}},{"ancestorTitles":["favoritesStore","addFavorite"],"fullName":"favoritesStore addFavorite should add a new favorite","status":"passed","title":"should add a new favorite","duration":4.703100000000177,"failureMessages":[],"meta":{}},{"ancestorTitles":["favoritesStore","addFavorite"],"fullName":"favoritesStore addFavorite should preserve existing favorites","status":"passed","title":"should preserve existing favorites","duration":3.9301000000000386,"failureMessages":[],"meta":{}},{"ancestorTitles":["favoritesStore","removeFavorite"],"fullName":"favoritesStore removeFavorite should remove a favorite","status":"passed","title":"should remove a favorite","duration":3.7841000000003078,"failureMessages":[],"meta":{}},{"ancestorTitles":["favoritesStore","removeFavorite"],"fullName":"favoritesStore removeFavorite should do nothing if favorite does not exist","status":"passed","title":"should do nothing if favorite does not exist","duration":3.407600000000002,"failureMessages":[],"meta":{}},{"ancestorTitles":["favoritesStore","isFavorite"],"fullName":"favoritesStore isFavorite should return true for favorited item","status":"passed","title":"should return true for favorited item","duration":2.8918000000003303,"failureMessages":[],"meta":{}},{"ancestorTitles":["favoritesStore","isFavorite"],"fullName":"favoritesStore isFavorite should return false for non-favorited item","status":"passed","title":"should return false for non-favorited item","duration":2.4661999999998443,"failureMessages":[],"meta":{}},{"ancestorTitles":["favoritesStore","fetchFavorites"],"fullName":"favoritesStore fetchFavorites should fetch favorites from API and set them","status":"passed","title":"should fetch favorites from API and set them","duration":3.9272000000000844,"failureMessages":[],"meta":{}},{"ancestorTitles":["favoritesStore","fetchFavorites"],"fullName":"favoritesStore fetchFavorites should not update state on API failure","status":"passed","title":"should not update state on API failure","duration":4.51090000000022,"failureMessages":[],"meta":{}}],"startTime":1765211948663,"endTime":1765211948725.511,"status":"passed","message":"","name":"C:/Users/Marto/Desktop/PCFIX-Baru/packages/web/src/stores/favoritesStore.test.ts"},{"assertionResults":[{"ancestorTitles":["serviceStore","initial state"],"fullName":"serviceStore initial state should start with empty items and not loading","status":"passed","title":"should start with empty items and not loading","duration":25.314500000000407,"failureMessages":[],"meta":{}},{"ancestorTitles":["serviceStore","fetchItems"],"fullName":"serviceStore fetchItems should fetch and set service items","status":"passed","title":"should fetch and set service items","duration":6.590900000000147,"failureMessages":[],"meta":{}},{"ancestorTitles":["serviceStore","fetchItems"],"fullName":"serviceStore fetchItems should set isLoading to true while fetching","status":"passed","title":"should set isLoading to true while fetching","duration":4.188100000000304,"failureMessages":[],"meta":{}},{"ancestorTitles":["serviceStore","fetchItems"],"fullName":"serviceStore fetchItems should handle API errors gracefully","status":"passed","title":"should handle API errors gracefully","duration":2.624200000000201,"failureMessages":[],"meta":{}},{"ancestorTitles":["serviceStore","fetchItems"],"fullName":"serviceStore fetchItems should handle non-ok response","status":"passed","title":"should handle non-ok response","duration":2.6702000000000226,"failureMessages":[],"meta":{}},{"ancestorTitles":["serviceStore","updateItem"],"fullName":"serviceStore updateItem should update a specific item","status":"passed","title":"should update a specific item","duration":2.158300000000054,"failureMessages":[],"meta":{}},{"ancestorTitles":["serviceStore","updateItem"],"fullName":"serviceStore updateItem should not modify other items","status":"passed","title":"should not modify other items","duration":3.733400000000074,"failureMessages":[],"meta":{}}],"startTime":1765211948929,"endTime":1765211948977.7334,"status":"passed","message":"","name":"C:/Users/Marto/Desktop/PCFIX-Baru/packages/web/src/stores/serviceStore.test.ts"},{"assertionResults":[{"ancestorTitles":["toastStore","addToast"],"fullName":"toastStore addToast should add a toast with default type \"info\"","status":"passed","title":"should add a toast with default type \"info\"","duration":28.332200000000284,"failureMessages":[],"meta":{}},{"ancestorTitles":["toastStore","addToast"],"fullName":"toastStore addToast should add a toast with specified type","status":"passed","title":"should add a toast with specified type","duration":3.0950000000002547,"failureMessages":[],"meta":{}},{"ancestorTitles":["toastStore","addToast"],"fullName":"toastStore addToast should add multiple toasts","status":"passed","title":"should add multiple toasts","duration":3.1796000000003914,"failureMessages":[],"meta":{}},{"ancestorTitles":["toastStore","addToast"],"fullName":"toastStore addToast should auto-remove toast after 3 seconds","status":"passed","title":"should auto-remove toast after 3 seconds","duration":3.81269999999995,"failureMessages":[],"meta":{}},{"ancestorTitles":["toastStore","removeToast"],"fullName":"toastStore removeToast should remove specific toast by id","status":"passed","title":"should remove specific toast by id","duration":3.884900000000016,"failureMessages":[],"meta":{}}],"startTime":1765211949017,"endTime":1765211949059.885,"status":"passed","message":"","name":"C:/Users/Marto/Desktop/PCFIX-Baru/packages/web/src/stores/toastStore.test.ts"},{"assertionResults":[{"ancestorTitles":["AdminDashboard"],"fullName":"AdminDashboard renders loading state initially","status":"passed","title":"renders loading state initially","duration":49.67900000000009,"failureMessages":[],"meta":{}},{"ancestorTitles":["AdminDashboard"],"fullName":"AdminDashboard renders stats when data loaded","status":"passed","title":"renders stats when data loaded","duration":76.06749999999965,"failureMessages":[],"meta":{}},{"ancestorTitles":["AdminDashboard"],"fullName":"AdminDashboard handles error state gracefully","status":"failed","title":"handles error state gracefully","duration":1028.2145999999998,"failureMessages":["Error: Found multiple elements with the text: 0\n\nHere are the matching elements:\n\nIgnored nodes: comments, script, style\n\u001b[36m<p\u001b[39m\n  \u001b[33mclass\u001b[39m=\u001b[32m\"text-4xl font-black text-secondary mb-2\"\u001b[39m\n\u001b[36m>\u001b[39m\n  \u001b[0m0\u001b[0m\n\u001b[36m</p>\u001b[39m\n\nIgnored nodes: comments, script, style\n\u001b[36m<p\u001b[39m\n  \u001b[33mclass\u001b[39m=\u001b[32m\"text-4xl font-black text-secondary mb-2\"\u001b[39m\n\u001b[36m>\u001b[39m\n  \u001b[0m0\u001b[0m\n\u001b[36m</p>\u001b[39m\n\nIgnored nodes: comments, script, style\n\u001b[36m<p\u001b[39m\n  \u001b[33mclass\u001b[39m=\u001b[32m\"text-4xl font-black text-secondary mb-2\"\u001b[39m\n\u001b[36m>\u001b[39m\n  \u001b[0m0\u001b[0m\n\u001b[36m</p>\u001b[39m\n\nIgnored nodes: comments, script, style\n\u001b[36m<p\u001b[39m\n  \u001b[33mclass\u001b[39m=\u001b[32m\"text-4xl font-black text-secondary mb-2\"\u001b[39m\n\u001b[36m>\u001b[39m\n  \u001b[0m0\u001b[0m\n\u001b[36m</p>\u001b[39m\n\n(If this is intentional, then use the `*AllBy*` variant of the query (like `queryAllByText`, `getAllByText`, or `findAllByText`)).\n\nIgnored nodes: comments, script, style\n\u001b[36m<body>\u001b[39m\n  \u001b[36m<div>\u001b[39m\n    \u001b[36m<div\u001b[39m\n      \u001b[33mdata-testid\u001b[39m=\u001b[32m\"error-boundary\"\u001b[39m\n    \u001b[36m>\u001b[39m\n      \u001b[36m<div\u001b[39m\n        \u001b[33mclass\u001b[39m=\u001b[32m\"space-y-8 animate-in fade-in duration-500 pb-12\"\u001b[39m\n      \u001b[36m>\u001b[39m\n        \u001b[36m<div\u001b[39m\n          \u001b[33mclass\u001b[39m=\u001b[32m\"flex flex-col md:flex-row justify-between items-end border-b border-gray-200 pb-6 gap-4\"\u001b[39m\n        \u001b[36m>\u001b[39m\n          \u001b[36m<div>\u001b[39m\n            \u001b[36m<h2\u001b[39m\n              \u001b[33mclass\u001b[39m=\u001b[32m\"text-3xl font-black text-gray-800 flex items-center gap-3\"\u001b[39m\n            \u001b[36m>\u001b[39m\n              \u001b[0mPanel de Control\u001b[0m\n            \u001b[36m</h2>\u001b[39m\n            \u001b[36m<p\u001b[39m\n              \u001b[33mclass\u001b[39m=\u001b[32m\"text-gray-500 text-sm mt-1\"\u001b[39m\n            \u001b[36m>\u001b[39m\n              \u001b[0mBienvenido de nuevo, \u001b[0m\n              \u001b[0mAdminTest\u001b[0m\n            \u001b[36m</p>\u001b[39m\n          \u001b[36m</div>\u001b[39m\n        \u001b[36m</div>\u001b[39m\n        \u001b[36m<div\u001b[39m\n          \u001b[33mclass\u001b[39m=\u001b[32m\"grid grid-cols-1 md:grid-cols-2 lg:grid-cols-4 gap-6\"\u001b[39m\n        \u001b[36m>\u001b[39m\n          \u001b[36m<a\u001b[39m\n            \u001b[33mclass\u001b[39m=\u001b[32m\"bg-white p-6 rounded-2xl shadow-sm border border-gray-100 hover:shadow-lg transition-all cursor-pointer group relative overflow-hidden flex flex-col\"\u001b[39m\n            \u001b[33mhref\u001b[39m=\u001b[32m\"/admin/productos\"\u001b[39m\n          \u001b[36m>\u001b[39m\n            \u001b[36m<div\u001b[39m\n              \u001b[33mclass\u001b[39m=\u001b[32m\"absolute -right-4 -top-4 text-8xl opacity-5 group-hover:opacity-10 transition-opacity select-none\"\u001b[39m\n            \u001b[36m>\u001b[39m\n              \u001b[0m📦\u001b[0m\n            \u001b[36m</div>\u001b[39m\n            \u001b[36m<h3\u001b[39m\n              \u001b[33mclass\u001b[39m=\u001b[32m\"text-gray-500 font-bold text-xs uppercase mb-1\"\u001b[39m\n            \u001b[36m>\u001b[39m\n              \u001b[0mInventario\u001b[0m\n            \u001b[36m</h3>\u001b[39m\n            \u001b[36m<p\u001b[39m\n              \u001b[33mclass\u001b[39m=\u001b[32m\"text-4xl font-black text-secondary mb-2\"\u001b[39m\n            \u001b[36m>\u001b[39m\n              \u001b[0m0\u001b[0m\n            \u001b[36m</p>\u001b[39m\n            \u001b[36m<span\u001b[39m\n              \u001b[33mclass\u001b[39m=\u001b[32m\"text-xs text-blue-600 font-bold\"\u001b[39m\n            \u001b[36m>\u001b[39m\n              \u001b[0mVer catálogo →\u001b[0m\n            \u001b[36m</span>\u001b[39m\n          \u001b[36m</a>\u001b[39m\n          \u001b[36m<a\u001b[39m\n            \u001b[33mclass\u001b[39m=\u001b[32m\"bg-white p-6 rounded-2xl shadow-sm border border-gray-100 border-l-4 border-l-red-500 hover:shadow-lg transition-all cursor-pointer relative overflow-hidden group flex flex-col\"\u001b[39m\n            \u001b[33mhref\u001b[39m=\u001b[32m\"/admin/productos?filter=lowStock\"\u001b[39m\n          \u001b[36m>\u001b[39m\n            \u001b[36m<div\u001b[39m\n              \u001b[33mclass\u001b[39m=\u001b[32m\"absolute -right-4 -top-4 text-8xl opacity-5 group-hover:opacity-10 transition-opacity select-none\"\u001b[39m\n            \u001b[36m>\u001b[39m\n              \u001b[0m📉\u001b[0m\n            \u001b[36m</div>\u001b[39m\n            \u001b[36m<h3\u001b[39m\n              \u001b[33mclass\u001b[39m=\u001b[32m\"text-red-600 font-bold text-xs uppercase mb-1\"\u001b[39m\n            \u001b[36m>\u001b[39m\n              \u001b[0mAtención\u001b[0m\n            \u001b[36m</h3>\u001b[39m\n            \u001b[36m<p\u001b[39m\n              \u001b[33mclass\u001b[39m=\u001b[32m\"text-4xl font-black text-secondary mb-2\"\u001b[39m\n            \u001b[36m>\u001b[39m\n              \u001b[0m0\u001b[0m\n            \u001b[36m</p>\u001b[39m\n            \u001b[36m<span\u001b[39m\n              \u001b[33mclass\u001b[39m=\u001b[32m\"text-xs text-red-600 font-bold\"\u001b[39m\n            \u001b[36m>\u001b[39m\n              \u001b[0mOrdenado\u001b[0m\n              \u001b[0m →\u001b[0m\n            \u001b[36m</span>\u001b[39m\n          \u001b[36m</a>\u001b[39m\n          \u001b[36m<a\u001b[39m\n            \u001b[33mclass\u001b[39m=\u001b[32m\"bg-white p-6 rounded-2xl shadow-sm border border-gray-100 hover:shadow-lg transition-all cursor-pointer relative overflow-hidden group flex flex-col\"\u001b[39m\n            \u001b[33mhref\u001b[39m=\u001b[32m\"/admin/ventas\"\u001b[39m\n          \u001b[36m>\u001b[39m\n            \u001b[36m<div\u001b[39m\n              \u001b[33mclass\u001b[39m=\u001b[32m\"absolute -right-4 -top-4 text-8xl opacity-5 group-hover:opacity-10 transition-opacity select-none\"\u001b[39m\n            \u001b[36m>\u001b[39m\n              \u001b[0m💰\u001b[0m\n            \u001b[36m</div>\u001b[39m\n            \u001b[36m<h3\u001b[39m\n              \u001b[33mclass\u001b[39m=\u001b[32m\"text-gray-500 font-bold text-xs uppercase mb-1\"\u001b[39m\n            \u001b[36m>\u001b[39m\n              \u001b[0mVentas\u001b[0m\n            \u001b[36m</h3>\u001b[39m\n            \u001b[36m<p\u001b[39m\n              \u001b[33mclass\u001b[39m=\u001b[32m\"text-4xl font-black text-secondary mb-2\"\u001b[39m\n            \u001b[36m>\u001b[39m\n              \u001b[0m0\u001b[0m\n            \u001b[36m</p>\u001b[39m\n            \u001b[36m<span\u001b[39m\n              \u001b[33mclass\u001b[39m=\u001b[32m\"text-xs text-purple-600 font-bold\"\u001b[39m\n            \u001b[36m>\u001b[39m\n              \u001b[0mHistorial →\u001b[0m\n            \u001b[36m</span>\u001b[39m\n          \u001b[36m</a>\u001b[39m\n          \u001b[36m<a\u001b[39m\n            \u001b[33mclass\u001b[39m=\u001b[32m\"bg-white p-6 rounded-2xl shadow-sm border border-gray-100 hover:shadow-lg transition-all cursor-pointer group relative overflow-hidden flex flex-col \"\u001b[39m\n            \u001b[33mhref\u001b[39m=\u001b[32m\"/admin/soporte\"\u001b[39m\n          \u001b[36m>\u001b[39m\n            \u001b[36m<div\u001b[39m\n              \u001b[33mclass\u001b[39m=\u001b[32m\"absolute -right-4 -top-4 text-8xl opacity-5 group-hover:opacity-10 transition-opacity select-none\"\u001b[39m\n            \u001b[36m>\u001b[39m\n              \u001b[0m💬\u001b[0m\n            \u001b[36m</div>\u001b[39m\n            \u001b[36m<h3\u001b[39m\n              \u001b[33mclass\u001b[39m=\u001b[32m\"text-gray-500 font-bold text-xs uppercase mb-1\"\u001b[39m\n            \u001b[36m>\u001b[39m\n              \u001b[0mSoporte Técnico\u001b[0m\n            \u001b[36m</h3>\u001b[39m\n            \u001b[36m<p\u001b[39m\n              \u001b[33mclass\u001b[39m=\u001b[32m\"text-4xl font-black text-secondary mb-2\"\u001b[39m\n            \u001b[36m>\u001b[39m\n              \u001b[0m0\u001b[0m\n            \u001b[36m</p>\u001b[39m\n            \u001b[36m<span\u001b[39m\n              \u001b[33mclass\u001b[39m=\u001b[32m\"text-xs font-bold text-green-600\"\u001b[39m\n            \u001b[36m>\u001b[39m\n              \u001b[0mAl día\u001b[0m\n              \u001b[0m →\u001b[0m\n            \u001b[36m</span>\u001b[39m\n          \u001b[36m</a>\u001b[39m\n        \u001b[36m</div>\u001b[39m\n        \u001b[36m<div\u001b[39m\n          \u001b[33mclass\u001b[39m=\u001b[32m\"grid grid-cols-1\"\u001b[39m\n        \u001b[36m>\u001b[39m\n          \u001b[36m<div\u001b[39m\n            \u001b[33mdata-testid\u001b[39m=\u001b[32m\"sales-chart\"\u001b[39m\n          \u001b[36m>\u001b[39m\n            \u001b[0mSales Chart\u001b[0m\n          \u001b[36m</div>\u001b[39m\n        \u001b[36m</div>\u001b[39m\n        \u001b[36m<div\u001b[39m\n          \u001b[33mclass\u001b[39m=\u001b[32m\"grid grid-cols-1 md:grid-cols-3 gap-6\"\u001b[39m\n        \u001b[36m>\u001b[39m\n          \u001b[36m<a\u001b[39m\n            \u001b[33mclass\u001b[39m=\u001b[32m\"bg-gradient-to-br from-primary to-blue-900 rounded-2xl p-6 text-white shadow-lg relative overflow-hidden flex flex-col justify-center min-h-[160px] cursor-pointer hover:shadow-xl transition-all group\"\u001b[39m\n            \u001b[33mhref\u001b[39m=\u001b[32m\"/admin/nuevo\"\u001b[39m\n          \u001b[36m>\u001b[39m\n            \u001b[36m<div\u001b[39m\n              \u001b[33mclass\u001b[39m=\u001b[32m\"relative z-10\"\u001b[39m\n            \u001b[36m>\u001b[39m\n              \u001b[36m<h3\u001b[39m\n                \u001b[33mclass\u001b[39m=\u001b[32m\"text-xl font-bold mb-1\"\u001b[39m\n              \u001b[36m>\u001b[39m\n                \u001b[0mNuevo Producto\u001b[0m\n              \u001b[36m</h3>\u001b[39m\n              \u001b[36m<p\u001b[39m\n                \u001b[33mclass\u001b[39m=\u001b[32m\"text-blue-200 text-sm mb-4 opacity-80\"\u001b[39m\n              \u001b[36m>\u001b[39m\n                \u001b[0mAgrega hardware al catálogo.\u001b[0m\n              \u001b[36m</p>\u001b[39m\n              \u001b[36m<div\u001b[39m\n                \u001b[33mclass\u001b[39m=\u001b[32m\"bg-white text-primary font-black text-sm py-2 px-5 rounded-lg hover:bg-blue-50 transition-all shadow-md w-fit flex items-center gap-2\"\u001b[39m\n              \u001b[36m>\u001b[39m\n                \u001b[36m<span>\u001b[39m\n                  \u001b[0m+\u001b[0m\n                \u001b[36m</span>\u001b[39m\n                \u001b[0m Cargar Ahora\u001b[0m\n              \u001b[36m</div>\u001b[39m\n            \u001b[36m</div>\u001b[39m\n            \u001b[36m<div\u001b[39m\n              \u001b[33mclass\u001b[39m=\u001b[32m\"absolute -right-4 -bottom-6 opacity-10 text-8xl select-none group-hover:scale-110 transition-transform duration-500\"\u001b[39m\n            \u001b[36m>\u001b[39m\n              \u001b[0m🚀\u001b[0m\n            \u001b[36m</div>\u001b[39m\n          \u001b[36m</a>\u001b[39m\n          \u001b[36m<a\u001b[39m\n            \u001b[33mclass\u001b[39m=\u001b[32m\"bg-gradient-to-br from-emerald-600 to-teal-800 rounded-2xl p-6 text-white shadow-lg relative overflow-hidden flex flex-col justify-center min-h-[160px] cursor-pointer hover:shadow-xl transition-all group\"\u001b[39m\n            \u001b[33mhref\u001b[39m=\u001b[32m\"/admin/nueva-venta\"\u001b[39m\n          \u001b[36m>\u001b[39m\n            \u001b[36m<div\u001b[39m\n              \u001b[33mclass\u001b[39m=\u001b[32m\"relative z-10\"\u001b[39m\n            \u001b[36m>\u001b[39m\n              \u001b[36m<h3\u001b[39m\n                \u001b[33mclass\u001b[39m=\u001b[32m\"text-xl font-bold mb-1\"\u001b[39m\n              \u001b[36m>\u001b[39m\n                \u001b[0mPunto de Venta\u001b[0m\n              \u001b[36m</h3>\u001b[39m\n              \u001b[36m<p\u001b[39m\n                \u001b[33mclass\u001b[39m=\u001b[32m\"text-emerald-200 text-sm mb-4 opacity-80\"\u001b[39m\n              \u001b[36m>\u001b[39m\n                \u001b[0mRegistrar venta manual.\u001b[0m\n              \u001b[36m</p>\u001b[39m\n              \u001b[36m<div\u001b[39m\n                \u001b[33mclass\u001b[39m=\u001b[32m\"bg-white text-teal-800 font-black text-sm py-2 px-5 rounded-lg hover:bg-emerald-50 transition-all shadow-md w-fit flex items-center gap-2\"\u001b[39m\n              \u001b[36m>\u001b[39m\n                \u001b[36m<span>\u001b[39m\n                  \u001b[0m🏪\u001b[0m\n                \u001b[36m</span>\u001b[39m\n                \u001b[0m Ir al POS\u001b[0m\n              \u001b[36m</div>\u001b[39m\n            \u001b[36m</div>\u001b[39m\n            \u001b[36m<div\u001b[39m\n              \u001b[33mclass\u001b[39m=\u001b[32m\"absolute -right-4 -bottom-6 opacity-10 text-8xl select-none group-hover:scale-110 transition-transform duration-500\"\u001b[39m\n            \u001b[36m>\u001b[39m\n              \u001b[0m🧾\u001b[0m\n            \u001b[36m</div>\u001b[39m\n          \u001b[36m</a>\u001b[39m\n          \u001b[36m<a\u001b[39m\n            \u001b[33mclass\u001b[39m=\u001b[32m\"bg-gradient-to-br from-purple-900 to-purple-600 rounded-2xl p-6 text-white shadow-lg relative overflow-hidden flex flex-col justify-center min-h-[160px] cursor-pointer hover:shadow-xl transition-all group\"\u001b[39m\n            \u001b[33mhref\u001b[39m=\u001b[32m\"/admin/marcas\"\u001b[39m\n          \u001b[36m>\u001b[39m\n            \u001b[36m<div\u001b[39m\n              \u001b[33mclass\u001b[39m=\u001b[32m\"relative z-10\"\u001b[39m\n            \u001b[36m>\u001b[39m\n              \u001b[36m<h3\u001b[39m\n                \u001b[33mclass\u001b[39m=\u001b[32m\"text-xl font-bold mb-1\"\u001b[39m\n              \u001b[36m>\u001b[39m\n                \u001b[0mMarketing\u001b[0m\n              \u001b[36m</h3>\u001b[39m\n              \u001b[36m<p\u001b[39m\n                \u001b[33mclass\u001b[39m=\u001b[32m\"text-purple-200 text-sm mb-4 opacity-80\"\u001b[39m\n              \u001b[36m>\u001b[39m\n                \u001b[0mGestiona marcas y banners.\u001b[0m\n              \u001b[36m</p>\u001b[39m\n              \u001b[36m<div\u001b[39m\n                \u001b[33mclass\u001b[39m=\u001b[32m\"bg-white text-purple-900 font-black text-sm py-2 px-5 rounded-lg hover:bg-purple-50 transition-all shadow-md w-fit flex items-center gap-2\"\u001b[39m\n              \u001b[36m>\u001b[39m\n                \u001b[36m<span>\u001b[39m\n                  \u001b[0m★\u001b[0m\n                \u001b[36m</span>\u001b[39m\n                \u001b[0m Gestionar\u001b[0m\n              \u001b[36m</div>\u001b[39m\n            \u001b[36m</div>\u001b[39m\n            \u001b[36m<div\u001b[39m\n              \u001b[33mclass\u001b[39m=\u001b[32m\"absolute -right-4 -bottom-6 opacity-10 text-8xl select-none group-hover:scale-110 transition-transform duration-500\"\u001b[39m\n            \u001b[36m>\u001b[39m\n              \u001b[0m🏷️\u001b[0m\n            \u001b[36m</div>\u001b[39m\n          \u001b[36m</a>\u001b[39m\n        \u001b[36m</div>\u001b[39m\n      \u001b[36m</div>\u001b[39m\n    \u001b[36m</div>\u001b[39m\n  \u001b[36m</div>\u001b[39m\n\u001b[36m</body>\u001b[39m\n    at Proxy.waitForWrapper (C:\\Users\\Marto\\Desktop\\PCFIX-Baru\\node_modules\\@testing-library\\dom\\dist\\wait-for.js:163:27)\n    at C:/Users/Marto/Desktop/PCFIX-Baru/packages/web/src/components/admin/core/AdminDashboard.test.tsx:74:15\n    at file:///C:/Users/Marto/Desktop/PCFIX-Baru/node_modules/@vitest/runner/dist/index.js:145:11\n    at file:///C:/Users/Marto/Desktop/PCFIX-Baru/node_modules/@vitest/runner/dist/index.js:915:26\n    at file:///C:/Users/Marto/Desktop/PCFIX-Baru/node_modules/@vitest/runner/dist/index.js:1240:20\n    at new Promise (<anonymous>)\n    at runWithTimeout (file:///C:/Users/Marto/Desktop/PCFIX-Baru/node_modules/@vitest/runner/dist/index.js:1206:10)\n    at file:///C:/Users/Marto/Desktop/PCFIX-Baru/node_modules/@vitest/runner/dist/index.js:1650:37\n    at Traces.$ (file:///C:/Users/Marto/Desktop/PCFIX-Baru/node_modules/vitest/dist/chunks/traces.U4xDYhzZ.js:115:27)\n    at trace (file:///C:/Users/Marto/Desktop/PCFIX-Baru/node_modules/vitest/dist/chunks/test.BT8LKgU9.js:239:21)"],"meta":{}},{"ancestorTitles":["AdminDashboard"],"fullName":"AdminDashboard displays correct stock status messages","status":"failed","title":"displays correct stock status messages","duration":1015.4728999999998,"failureMessages":["Error: Unable to find an element with the text: Ordenado. This could be because the text is broken up by multiple elements. In this case, you can provide a function for your text matcher to make your matcher more flexible.\n\nIgnored nodes: comments, script, style\n\u001b[36m<body>\u001b[39m\n  \u001b[36m<div>\u001b[39m\n    \u001b[36m<div\u001b[39m\n      \u001b[33mdata-testid\u001b[39m=\u001b[32m\"error-boundary\"\u001b[39m\n    \u001b[36m>\u001b[39m\n      \u001b[36m<div\u001b[39m\n        \u001b[33mclass\u001b[39m=\u001b[32m\"space-y-8 animate-in fade-in duration-500 pb-12\"\u001b[39m\n      \u001b[36m>\u001b[39m\n        \u001b[36m<div\u001b[39m\n          \u001b[33mclass\u001b[39m=\u001b[32m\"flex flex-col md:flex-row justify-between items-end border-b border-gray-200 pb-6 gap-4\"\u001b[39m\n        \u001b[36m>\u001b[39m\n          \u001b[36m<div>\u001b[39m\n            \u001b[36m<h2\u001b[39m\n              \u001b[33mclass\u001b[39m=\u001b[32m\"text-3xl font-black text-gray-800 flex items-center gap-3\"\u001b[39m\n            \u001b[36m>\u001b[39m\n              \u001b[0mPanel de Control\u001b[0m\n            \u001b[36m</h2>\u001b[39m\n            \u001b[36m<p\u001b[39m\n              \u001b[33mclass\u001b[39m=\u001b[32m\"text-gray-500 text-sm mt-1\"\u001b[39m\n            \u001b[36m>\u001b[39m\n              \u001b[0mBienvenido de nuevo, \u001b[0m\n              \u001b[0mAdminTest\u001b[0m\n            \u001b[36m</p>\u001b[39m\n          \u001b[36m</div>\u001b[39m\n        \u001b[36m</div>\u001b[39m\n        \u001b[36m<div\u001b[39m\n          \u001b[33mclass\u001b[39m=\u001b[32m\"grid grid-cols-1 md:grid-cols-2 lg:grid-cols-4 gap-6\"\u001b[39m\n        \u001b[36m>\u001b[39m\n          \u001b[36m<a\u001b[39m\n            \u001b[33mclass\u001b[39m=\u001b[32m\"bg-white p-6 rounded-2xl shadow-sm border border-gray-100 hover:shadow-lg transition-all cursor-pointer group relative overflow-hidden flex flex-col\"\u001b[39m\n            \u001b[33mhref\u001b[39m=\u001b[32m\"/admin/productos\"\u001b[39m\n          \u001b[36m>\u001b[39m\n            \u001b[36m<div\u001b[39m\n              \u001b[33mclass\u001b[39m=\u001b[32m\"absolute -right-4 -top-4 text-8xl opacity-5 group-hover:opacity-10 transition-opacity select-none\"\u001b[39m\n            \u001b[36m>\u001b[39m\n              \u001b[0m📦\u001b[0m\n            \u001b[36m</div>\u001b[39m\n            \u001b[36m<h3\u001b[39m\n              \u001b[33mclass\u001b[39m=\u001b[32m\"text-gray-500 font-bold text-xs uppercase mb-1\"\u001b[39m\n            \u001b[36m>\u001b[39m\n              \u001b[0mInventario\u001b[0m\n            \u001b[36m</h3>\u001b[39m\n            \u001b[36m<p\u001b[39m\n              \u001b[33mclass\u001b[39m=\u001b[32m\"text-4xl font-black text-secondary mb-2\"\u001b[39m\n            \u001b[36m>\u001b[39m\n              \u001b[0m100\u001b[0m\n            \u001b[36m</p>\u001b[39m\n            \u001b[36m<span\u001b[39m\n              \u001b[33mclass\u001b[39m=\u001b[32m\"text-xs text-blue-600 font-bold\"\u001b[39m\n            \u001b[36m>\u001b[39m\n              \u001b[0mVer catálogo →\u001b[0m\n            \u001b[36m</span>\u001b[39m\n          \u001b[36m</a>\u001b[39m\n          \u001b[36m<a\u001b[39m\n            \u001b[33mclass\u001b[39m=\u001b[32m\"bg-white p-6 rounded-2xl shadow-sm border border-gray-100 border-l-4 border-l-red-500 hover:shadow-lg transition-all cursor-pointer relative overflow-hidden group flex flex-col\"\u001b[39m\n            \u001b[33mhref\u001b[39m=\u001b[32m\"/admin/productos?filter=lowStock\"\u001b[39m\n          \u001b[36m>\u001b[39m\n            \u001b[36m<div\u001b[39m\n              \u001b[33mclass\u001b[39m=\u001b[32m\"absolute -right-4 -top-4 text-8xl opacity-5 group-hover:opacity-10 transition-opacity select-none\"\u001b[39m\n            \u001b[36m>\u001b[39m\n              \u001b[0m📉\u001b[0m\n            \u001b[36m</div>\u001b[39m\n            \u001b[36m<h3\u001b[39m\n              \u001b[33mclass\u001b[39m=\u001b[32m\"text-red-600 font-bold text-xs uppercase mb-1\"\u001b[39m\n            \u001b[36m>\u001b[39m\n              \u001b[0mAtención\u001b[0m\n            \u001b[36m</h3>\u001b[39m\n            \u001b[36m<p\u001b[39m\n              \u001b[33mclass\u001b[39m=\u001b[32m\"text-4xl font-black text-secondary mb-2\"\u001b[39m\n            \u001b[36m>\u001b[39m\n              \u001b[0m0\u001b[0m\n            \u001b[36m</p>\u001b[39m\n            \u001b[36m<span\u001b[39m\n              \u001b[33mclass\u001b[39m=\u001b[32m\"text-xs text-red-600 font-bold\"\u001b[39m\n            \u001b[36m>\u001b[39m\n              \u001b[0mOrdenado\u001b[0m\n              \u001b[0m →\u001b[0m\n            \u001b[36m</span>\u001b[39m\n          \u001b[36m</a>\u001b[39m\n          \u001b[36m<a\u001b[39m\n            \u001b[33mclass\u001b[39m=\u001b[32m\"bg-white p-6 rounded-2xl shadow-sm border border-gray-100 hover:shadow-lg transition-all cursor-pointer relative overflow-hidden group flex flex-col\"\u001b[39m\n            \u001b[33mhref\u001b[39m=\u001b[32m\"/admin/ventas\"\u001b[39m\n          \u001b[36m>\u001b[39m\n            \u001b[36m<div\u001b[39m\n              \u001b[33mclass\u001b[39m=\u001b[32m\"absolute -right-4 -top-4 text-8xl opacity-5 group-hover:opacity-10 transition-opacity select-none\"\u001b[39m\n            \u001b[36m>\u001b[39m\n              \u001b[0m💰\u001b[0m\n            \u001b[36m</div>\u001b[39m\n            \u001b[36m<h3\u001b[39m\n              \u001b[33mclass\u001b[39m=\u001b[32m\"text-gray-500 font-bold text-xs uppercase mb-1\"\u001b[39m\n            \u001b[36m>\u001b[39m\n              \u001b[0mVentas\u001b[0m\n            \u001b[36m</h3>\u001b[39m\n            \u001b[36m<p\u001b[39m\n              \u001b[33mclass\u001b[39m=\u001b[32m\"text-4xl font-black text-secondary mb-2\"\u001b[39m\n            \u001b[36m>\u001b[39m\n              \u001b[0m10\u001b[0m\n            \u001b[36m</p>\u001b[39m\n            \u001b[36m<span\u001b[39m\n              \u001b[33mclass\u001b[39m=\u001b[32m\"text-xs text-purple-600 font-bold\"\u001b[39m\n            \u001b[36m>\u001b[39m\n              \u001b[0mHistorial →\u001b[0m\n            \u001b[36m</span>\u001b[39m\n          \u001b[36m</a>\u001b[39m\n          \u001b[36m<a\u001b[39m\n            \u001b[33mclass\u001b[39m=\u001b[32m\"bg-white p-6 rounded-2xl shadow-sm border border-gray-100 hover:shadow-lg transition-all cursor-pointer group relative overflow-hidden flex flex-col \"\u001b[39m\n            \u001b[33mhref\u001b[39m=\u001b[32m\"/admin/soporte\"\u001b[39m\n          \u001b[36m>\u001b[39m\n            \u001b[36m<div\u001b[39m\n              \u001b[33mclass\u001b[39m=\u001b[32m\"absolute -right-4 -top-4 text-8xl opacity-5 group-hover:opacity-10 transition-opacity select-none\"\u001b[39m\n            \u001b[36m>\u001b[39m\n              \u001b[0m💬\u001b[0m\n            \u001b[36m</div>\u001b[39m\n            \u001b[36m<h3\u001b[39m\n              \u001b[33mclass\u001b[39m=\u001b[32m\"text-gray-500 font-bold text-xs uppercase mb-1\"\u001b[39m\n            \u001b[36m>\u001b[39m\n              \u001b[0mSoporte Técnico\u001b[0m\n            \u001b[36m</h3>\u001b[39m\n            \u001b[36m<p\u001b[39m\n              \u001b[33mclass\u001b[39m=\u001b[32m\"text-4xl font-black text-secondary mb-2\"\u001b[39m\n            \u001b[36m>\u001b[39m\n              \u001b[0m0\u001b[0m\n            \u001b[36m</p>\u001b[39m\n            \u001b[36m<span\u001b[39m\n              \u001b[33mclass\u001b[39m=\u001b[32m\"text-xs font-bold text-green-600\"\u001b[39m\n            \u001b[36m>\u001b[39m\n              \u001b[0mAl día\u001b[0m\n              \u001b[0m →\u001b[0m\n            \u001b[36m</span>\u001b[39m\n          \u001b[36m</a>\u001b[39m\n        \u001b[36m</div>\u001b[39m\n        \u001b[36m<div\u001b[39m\n          \u001b[33mclass\u001b[39m=\u001b[32m\"grid grid-cols-1\"\u001b[39m\n        \u001b[36m>\u001b[39m\n          \u001b[36m<div\u001b[39m\n            \u001b[33mdata-testid\u001b[39m=\u001b[32m\"sales-chart\"\u001b[39m\n          \u001b[36m>\u001b[39m\n            \u001b[0mSales Chart\u001b[0m\n          \u001b[36m</div>\u001b[39m\n        \u001b[36m</div>\u001b[39m\n        \u001b[36m<div\u001b[39m\n          \u001b[33mclass\u001b[39m=\u001b[32m\"grid grid-cols-1 md:grid-cols-3 gap-6\"\u001b[39m\n        \u001b[36m>\u001b[39m\n          \u001b[36m<a\u001b[39m\n            \u001b[33mclass\u001b[39m=\u001b[32m\"bg-gradient-to-br from-primary to-blue-900 rounded-2xl p-6 text-white shadow-lg relative overflow-hidden flex flex-col justify-center min-h-[160px] cursor-pointer hover:shadow-xl transition-all group\"\u001b[39m\n            \u001b[33mhref\u001b[39m=\u001b[32m\"/admin/nuevo\"\u001b[39m\n          \u001b[36m>\u001b[39m\n            \u001b[36m<div\u001b[39m\n              \u001b[33mclass\u001b[39m=\u001b[32m\"relative z-10\"\u001b[39m\n            \u001b[36m>\u001b[39m\n              \u001b[36m<h3\u001b[39m\n                \u001b[33mclass\u001b[39m=\u001b[32m\"text-xl font-bold mb-1\"\u001b[39m\n              \u001b[36m>\u001b[39m\n                \u001b[0mNuevo Producto\u001b[0m\n              \u001b[36m</h3>\u001b[39m\n              \u001b[36m<p\u001b[39m\n                \u001b[33mclass\u001b[39m=\u001b[32m\"text-blue-200 text-sm mb-4 opacity-80\"\u001b[39m\n              \u001b[36m>\u001b[39m\n                \u001b[0mAgrega hardware al catálogo.\u001b[0m\n              \u001b[36m</p>\u001b[39m\n              \u001b[36m<div\u001b[39m\n                \u001b[33mclass\u001b[39m=\u001b[32m\"bg-white text-primary font-black text-sm py-2 px-5 rounded-lg hover:bg-blue-50 transition-all shadow-md w-fit flex items-center gap-2\"\u001b[39m\n              \u001b[36m>\u001b[39m\n                \u001b[36m<span>\u001b[39m\n                  \u001b[0m+\u001b[0m\n                \u001b[36m</span>\u001b[39m\n                \u001b[0m Cargar Ahora\u001b[0m\n              \u001b[36m</div>\u001b[39m\n            \u001b[36m</div>\u001b[39m\n            \u001b[36m<div\u001b[39m\n              \u001b[33mclass\u001b[39m=\u001b[32m\"absolute -right-4 -bottom-6 opacity-10 text-8xl select-none group-hover:scale-110 transition-transform duration-500\"\u001b[39m\n            \u001b[36m>\u001b[39m\n              \u001b[0m🚀\u001b[0m\n            \u001b[36m</div>\u001b[39m\n          \u001b[36m</a>\u001b[39m\n          \u001b[36m<a\u001b[39m\n            \u001b[33mclass\u001b[39m=\u001b[32m\"bg-gradient-to-br from-emerald-600 to-teal-800 rounded-2xl p-6 text-white shadow-lg relative overflow-hidden flex flex-col justify-center min-h-[160px] cursor-pointer hover:shadow-xl transition-all group\"\u001b[39m\n            \u001b[33mhref\u001b[39m=\u001b[32m\"/admin/nueva-venta\"\u001b[39m\n          \u001b[36m>\u001b[39m\n            \u001b[36m<div\u001b[39m\n              \u001b[33mclass\u001b[39m=\u001b[32m\"relative z-10\"\u001b[39m\n            \u001b[36m>\u001b[39m\n              \u001b[36m<h3\u001b[39m\n                \u001b[33mclass\u001b[39m=\u001b[32m\"text-xl font-bold mb-1\"\u001b[39m\n              \u001b[36m>\u001b[39m\n                \u001b[0mPunto de Venta\u001b[0m\n              \u001b[36m</h3>\u001b[39m\n              \u001b[36m<p\u001b[39m\n                \u001b[33mclass\u001b[39m=\u001b[32m\"text-emerald-200 text-sm mb-4 opacity-80\"\u001b[39m\n              \u001b[36m>\u001b[39m\n                \u001b[0mRegistrar venta manual.\u001b[0m\n              \u001b[36m</p>\u001b[39m\n              \u001b[36m<div\u001b[39m\n                \u001b[33mclass\u001b[39m=\u001b[32m\"bg-white text-teal-800 font-black text-sm py-2 px-5 rounded-lg hover:bg-emerald-50 transition-all shadow-md w-fit flex items-center gap-2\"\u001b[39m\n              \u001b[36m>\u001b[39m\n                \u001b[36m<span>\u001b[39m\n                  \u001b[0m🏪\u001b[0m\n                \u001b[36m</span>\u001b[39m\n                \u001b[0m Ir al POS\u001b[0m\n              \u001b[36m</div>\u001b[39m\n            \u001b[36m</div>\u001b[39m\n            \u001b[36m<div\u001b[39m\n              \u001b[33mclass\u001b[39m=\u001b[32m\"absolute -right-4 -bottom-6 opacity-10 text-8xl select-none group-hover:scale-110 transition-transform duration-500\"\u001b[39m\n            \u001b[36m>\u001b[39m\n              \u001b[0m🧾\u001b[0m\n            \u001b[36m</div>\u001b[39m\n          \u001b[36m</a>\u001b[39m\n          \u001b[36m<a\u001b[39m\n            \u001b[33mclass\u001b[39m=\u001b[32m\"bg-gradient-to-br from-purple-900 to-purple-600 rounded-2xl p-6 text-white shadow-lg relative overflow-hidden flex flex-col justify-center min-h-[160px] cursor-pointer hover:shadow-xl transition-all group\"\u001b[39m\n            \u001b[33mhref\u001b[39m=\u001b[32m\"/admin/marcas\"\u001b[39m\n          \u001b[36m>\u001b[39m\n            \u001b[36m<div\u001b[39m\n              \u001b[33mclass\u001b[39m=\u001b[32m\"relative z-10\"\u001b[39m\n            \u001b[36m>\u001b[39m\n              \u001b[36m<h3\u001b[39m\n                \u001b[33mclass\u001b[39m=\u001b[32m\"text-xl font-bold mb-1\"\u001b[39m\n              \u001b[36m>\u001b[39m\n                \u001b[0mMarketing\u001b[0m\n              \u001b[36m</h3>\u001b[39m\n              \u001b[36m<p\u001b[39m\n                \u001b[33mclass\u001b[39m=\u001b[32m\"text-purple-200 text-sm mb-4 opacity-80\"\u001b[39m\n              \u001b[36m>\u001b[39m\n                \u001b[0mGestiona marcas y banners.\u001b[0m\n              \u001b[36m</p>\u001b[39m\n              \u001b[36m<div\u001b[39m\n                \u001b[33mclass\u001b[39m=\u001b[32m\"bg-white text-purple-900 font-black text-sm py-2 px-5 rounded-lg hover:bg-purple-50 transition-all shadow-md w-fit flex items-center gap-2\"\u001b[39m\n              \u001b[36m>\u001b[39m\n                \u001b[36m<span>\u001b[39m\n                  \u001b[0m★\u001b[0m\n                \u001b[36m</span>\u001b[39m\n                \u001b[0m Gestionar\u001b[0m\n              \u001b[36m</div>\u001b[39m\n            \u001b[36m</div>\u001b[39m\n            \u001b[36m<div\u001b[39m\n              \u001b[33mclass\u001b[39m=\u001b[32m\"absolute -right-4 -bottom-6 opacity-10 text-8xl select-none group-hover:scale-110 transition-transform duration-500\"\u001b[39m\n            \u001b[36m>\u001b[39m\n              \u001b[0m🏷️\u001b[0m\n            \u001b[36m</div>\u001b[39m\n          \u001b[36m</a>\u001b[39m\n        \u001b[36m</div>\u001b[39m\n      \u001b[36m</div>\u001b[39m\n    \u001b[36m</div>\u001b[39m\n  \u001b[36m</div>\u001b[39m\n\u001b[36m</body>\u001b[39m\n    at Proxy.waitForWrapper (C:\\Users\\Marto\\Desktop\\PCFIX-Baru\\node_modules\\@testing-library\\dom\\dist\\wait-for.js:163:27)\n    at C:/Users/Marto/Desktop/PCFIX-Baru/packages/web/src/components/admin/core/AdminDashboard.test.tsx:98:15\n    at file:///C:/Users/Marto/Desktop/PCFIX-Baru/node_modules/@vitest/runner/dist/index.js:145:11\n    at file:///C:/Users/Marto/Desktop/PCFIX-Baru/node_modules/@vitest/runner/dist/index.js:915:26\n    at file:///C:/Users/Marto/Desktop/PCFIX-Baru/node_modules/@vitest/runner/dist/index.js:1240:20\n    at new Promise (<anonymous>)\n    at runWithTimeout (file:///C:/Users/Marto/Desktop/PCFIX-Baru/node_modules/@vitest/runner/dist/index.js:1206:10)\n    at file:///C:/Users/Marto/Desktop/PCFIX-Baru/node_modules/@vitest/runner/dist/index.js:1650:37\n    at Traces.$ (file:///C:/Users/Marto/Desktop/PCFIX-Baru/node_modules/vitest/dist/chunks/traces.U4xDYhzZ.js:115:27)\n    at trace (file:///C:/Users/Marto/Desktop/PCFIX-Baru/node_modules/vitest/dist/chunks/test.BT8LKgU9.js:239:21)"],"meta":{}},{"ancestorTitles":["AdminDashboard"],"fullName":"AdminDashboard renders quick action buttons","status":"passed","title":"renders quick action buttons","duration":38.84450000000015,"failureMessages":[],"meta":{}}],"startTime":1765211941020,"endTime":1765211943228.8445,"status":"failed","message":"","name":"C:/Users/Marto/Desktop/PCFIX-Baru/packages/web/src/components/admin/core/AdminDashboard.test.tsx"},{"assertionResults":[{"ancestorTitles":["AdminLinks"],"fullName":"AdminLinks renders nothing when user is not admin","status":"passed","title":"renders nothing when user is not admin","duration":26.634100000000217,"failureMessages":[],"meta":{}},{"ancestorTitles":["AdminLinks"],"fullName":"AdminLinks renders nothing when user is null","status":"passed","title":"renders nothing when user is null","duration":3.6019999999998618,"failureMessages":[],"meta":{}},{"ancestorTitles":["AdminLinks"],"fullName":"AdminLinks renders admin navigation links when user is admin","status":"passed","title":"renders admin navigation links when user is admin","duration":57.034799999999905,"failureMessages":[],"meta":{}},{"ancestorTitles":["AdminLinks"],"fullName":"AdminLinks renders correct href for navigation links","status":"passed","title":"renders correct href for navigation links","duration":32.783400000000256,"failureMessages":[],"meta":{}},{"ancestorTitles":["AdminLinks"],"fullName":"AdminLinks renders tool buttons","status":"passed","title":"renders tool buttons","duration":9.901999999999589,"failureMessages":[],"meta":{}},{"ancestorTitles":["AdminLinks"],"fullName":"AdminLinks renders configuration link with correct href","status":"passed","title":"renders configuration link with correct href","duration":10.577099999999973,"failureMessages":[],"meta":{}}],"startTime":1765211947877,"endTime":1765211948017.5771,"status":"passed","message":"","name":"C:/Users/Marto/Desktop/PCFIX-Baru/packages/web/src/components/admin/core/AdminLinks.test.tsx"},{"assertionResults":[{"ancestorTitles":["SalesChart"],"fullName":"SalesChart renders loading state when no token","status":"failed","title":"renders loading state when no token","duration":57.14289999999983,"failureMessages":["TestingLibraryElementError: Unable to find an element by: [data-testid=\"responsive-container\"]\n\nIgnored nodes: comments, script, style\n\u001b[36m<body>\u001b[39m\n  \u001b[36m<div>\u001b[39m\n    \u001b[36m<div\u001b[39m\n      \u001b[33mclass\u001b[39m=\u001b[32m\"h-[450px] w-full bg-gray-50 rounded-2xl animate-pulse\"\u001b[39m\n    \u001b[36m/>\u001b[39m\n  \u001b[36m</div>\u001b[39m\n\u001b[36m</body>\u001b[39m\n    at Object.getElementError (C:\\Users\\Marto\\Desktop\\PCFIX-Baru\\node_modules\\@testing-library\\dom\\dist\\config.js:37:19)\n    at C:\\Users\\Marto\\Desktop\\PCFIX-Baru\\node_modules\\@testing-library\\dom\\dist\\query-helpers.js:76:38\n    at C:\\Users\\Marto\\Desktop\\PCFIX-Baru\\node_modules\\@testing-library\\dom\\dist\\query-helpers.js:52:17\n    at C:\\Users\\Marto\\Desktop\\PCFIX-Baru\\node_modules\\@testing-library\\dom\\dist\\query-helpers.js:95:19\n    at C:/Users/Marto/Desktop/PCFIX-Baru/packages/web/src/components/admin/core/SalesChart.test.tsx:42:23\n    at file:///C:/Users/Marto/Desktop/PCFIX-Baru/node_modules/@vitest/runner/dist/index.js:145:11\n    at file:///C:/Users/Marto/Desktop/PCFIX-Baru/node_modules/@vitest/runner/dist/index.js:915:26\n    at file:///C:/Users/Marto/Desktop/PCFIX-Baru/node_modules/@vitest/runner/dist/index.js:1240:20\n    at new Promise (<anonymous>)\n    at runWithTimeout (file:///C:/Users/Marto/Desktop/PCFIX-Baru/node_modules/@vitest/runner/dist/index.js:1206:10)"],"meta":{}},{"ancestorTitles":["SalesChart"],"fullName":"SalesChart renders chart container","status":"failed","title":"renders chart container","duration":23.485400000000027,"failureMessages":["TypeError: Cannot read properties of undefined (reading 'then')\n    at C:/Users/Marto/Desktop/PCFIX-Baru/packages/web/src/components/admin/core/SalesChart.tsx:20:10\n    at commitHookEffectListMount (C:\\Users\\Marto\\Desktop\\PCFIX-Baru\\node_modules\\react-dom\\cjs\\react-dom.development.js:23189:26)\n    at commitPassiveMountOnFiber (C:\\Users\\Marto\\Desktop\\PCFIX-Baru\\node_modules\\react-dom\\cjs\\react-dom.development.js:24970:11)\n    at commitPassiveMountEffects_complete (C:\\Users\\Marto\\Desktop\\PCFIX-Baru\\node_modules\\react-dom\\cjs\\react-dom.development.js:24930:9)\n    at commitPassiveMountEffects_begin (C:\\Users\\Marto\\Desktop\\PCFIX-Baru\\node_modules\\react-dom\\cjs\\react-dom.development.js:24917:7)\n    at commitPassiveMountEffects (C:\\Users\\Marto\\Desktop\\PCFIX-Baru\\node_modules\\react-dom\\cjs\\react-dom.development.js:24905:3)\n    at flushPassiveEffectsImpl (C:\\Users\\Marto\\Desktop\\PCFIX-Baru\\node_modules\\react-dom\\cjs\\react-dom.development.js:27078:3)\n    at flushPassiveEffects (C:\\Users\\Marto\\Desktop\\PCFIX-Baru\\node_modules\\react-dom\\cjs\\react-dom.development.js:27023:14)\n    at C:\\Users\\Marto\\Desktop\\PCFIX-Baru\\node_modules\\react-dom\\cjs\\react-dom.development.js:26808:9\n    at flushActQueue (C:\\Users\\Marto\\Desktop\\PCFIX-Baru\\node_modules\\react\\cjs\\react.development.js:2667:24)"],"meta":{}},{"ancestorTitles":["SalesChart"],"fullName":"SalesChart displays title","status":"failed","title":"displays title","duration":8.552000000000135,"failureMessages":["TypeError: Cannot read properties of undefined (reading 'then')\n    at C:/Users/Marto/Desktop/PCFIX-Baru/packages/web/src/components/admin/core/SalesChart.tsx:20:10\n    at commitHookEffectListMount (C:\\Users\\Marto\\Desktop\\PCFIX-Baru\\node_modules\\react-dom\\cjs\\react-dom.development.js:23189:26)\n    at commitPassiveMountOnFiber (C:\\Users\\Marto\\Desktop\\PCFIX-Baru\\node_modules\\react-dom\\cjs\\react-dom.development.js:24970:11)\n    at commitPassiveMountEffects_complete (C:\\Users\\Marto\\Desktop\\PCFIX-Baru\\node_modules\\react-dom\\cjs\\react-dom.development.js:24930:9)\n    at commitPassiveMountEffects_begin (C:\\Users\\Marto\\Desktop\\PCFIX-Baru\\node_modules\\react-dom\\cjs\\react-dom.development.js:24917:7)\n    at commitPassiveMountEffects (C:\\Users\\Marto\\Desktop\\PCFIX-Baru\\node_modules\\react-dom\\cjs\\react-dom.development.js:24905:3)\n    at flushPassiveEffectsImpl (C:\\Users\\Marto\\Desktop\\PCFIX-Baru\\node_modules\\react-dom\\cjs\\react-dom.development.js:27078:3)\n    at flushPassiveEffects (C:\\Users\\Marto\\Desktop\\PCFIX-Baru\\node_modules\\react-dom\\cjs\\react-dom.development.js:27023:14)\n    at C:\\Users\\Marto\\Desktop\\PCFIX-Baru\\node_modules\\react-dom\\cjs\\react-dom.development.js:26808:9\n    at flushActQueue (C:\\Users\\Marto\\Desktop\\PCFIX-Baru\\node_modules\\react\\cjs\\react.development.js:2667:24)"],"meta":{}},{"ancestorTitles":["SalesChart"],"fullName":"SalesChart displays year selector","status":"failed","title":"displays year selector","duration":10.195500000000266,"failureMessages":["TypeError: Cannot read properties of undefined (reading 'then')\n    at C:/Users/Marto/Desktop/PCFIX-Baru/packages/web/src/components/admin/core/SalesChart.tsx:20:10\n    at commitHookEffectListMount (C:\\Users\\Marto\\Desktop\\PCFIX-Baru\\node_modules\\react-dom\\cjs\\react-dom.development.js:23189:26)\n    at commitPassiveMountOnFiber (C:\\Users\\Marto\\Desktop\\PCFIX-Baru\\node_modules\\react-dom\\cjs\\react-dom.development.js:24970:11)\n    at commitPassiveMountEffects_complete (C:\\Users\\Marto\\Desktop\\PCFIX-Baru\\node_modules\\react-dom\\cjs\\react-dom.development.js:24930:9)\n    at commitPassiveMountEffects_begin (C:\\Users\\Marto\\Desktop\\PCFIX-Baru\\node_modules\\react-dom\\cjs\\react-dom.development.js:24917:7)\n    at commitPassiveMountEffects (C:\\Users\\Marto\\Desktop\\PCFIX-Baru\\node_modules\\react-dom\\cjs\\react-dom.development.js:24905:3)\n    at flushPassiveEffectsImpl (C:\\Users\\Marto\\Desktop\\PCFIX-Baru\\node_modules\\react-dom\\cjs\\react-dom.development.js:27078:3)\n    at flushPassiveEffects (C:\\Users\\Marto\\Desktop\\PCFIX-Baru\\node_modules\\react-dom\\cjs\\react-dom.development.js:27023:14)\n    at C:\\Users\\Marto\\Desktop\\PCFIX-Baru\\node_modules\\react-dom\\cjs\\react-dom.development.js:26808:9\n    at flushActQueue (C:\\Users\\Marto\\Desktop\\PCFIX-Baru\\node_modules\\react\\cjs\\react.development.js:2667:24)"],"meta":{}},{"ancestorTitles":["SalesChart"],"fullName":"SalesChart shows products and services labels","status":"failed","title":"shows products and services labels","duration":5.0185999999998785,"failureMessages":["TypeError: Cannot read properties of undefined (reading 'then')\n    at C:/Users/Marto/Desktop/PCFIX-Baru/packages/web/src/components/admin/core/SalesChart.tsx:20:10\n    at commitHookEffectListMount (C:\\Users\\Marto\\Desktop\\PCFIX-Baru\\node_modules\\react-dom\\cjs\\react-dom.development.js:23189:26)\n    at commitPassiveMountOnFiber (C:\\Users\\Marto\\Desktop\\PCFIX-Baru\\node_modules\\react-dom\\cjs\\react-dom.development.js:24970:11)\n    at commitPassiveMountEffects_complete (C:\\Users\\Marto\\Desktop\\PCFIX-Baru\\node_modules\\react-dom\\cjs\\react-dom.development.js:24930:9)\n    at commitPassiveMountEffects_begin (C:\\Users\\Marto\\Desktop\\PCFIX-Baru\\node_modules\\react-dom\\cjs\\react-dom.development.js:24917:7)\n    at commitPassiveMountEffects (C:\\Users\\Marto\\Desktop\\PCFIX-Baru\\node_modules\\react-dom\\cjs\\react-dom.development.js:24905:3)\n    at flushPassiveEffectsImpl (C:\\Users\\Marto\\Desktop\\PCFIX-Baru\\node_modules\\react-dom\\cjs\\react-dom.development.js:27078:3)\n    at flushPassiveEffects (C:\\Users\\Marto\\Desktop\\PCFIX-Baru\\node_modules\\react-dom\\cjs\\react-dom.development.js:27023:14)\n    at C:\\Users\\Marto\\Desktop\\PCFIX-Baru\\node_modules\\react-dom\\cjs\\react-dom.development.js:26808:9\n    at flushActQueue (C:\\Users\\Marto\\Desktop\\PCFIX-Baru\\node_modules\\react\\cjs\\react.development.js:2667:24)"],"meta":{}}],"startTime":1765211940636,"endTime":1765211940741.0186,"status":"failed","message":"","name":"C:/Users/Marto/Desktop/PCFIX-Baru/packages/web/src/components/admin/core/SalesChart.test.tsx"},{"assertionResults":[{"ancestorTitles":["SupportInbox"],"fullName":"SupportInbox renders loading state initially","status":"failed","title":"renders loading state initially","duration":73.86359999999968,"failureMessages":["TestingLibraryElementError: Unable to find an element with the text: /cargando consultas/i. This could be because the text is broken up by multiple elements. In this case, you can provide a function for your text matcher to make your matcher more flexible.\n\nIgnored nodes: comments, script, style\n\u001b[36m<body>\u001b[39m\n  \u001b[36m<div>\u001b[39m\n    \u001b[36m<div\u001b[39m\n      \u001b[33mclass\u001b[39m=\u001b[32m\"p-12 text-center\"\u001b[39m\n    \u001b[36m>\u001b[39m\n      \u001b[36m<div\u001b[39m\n        \u001b[33mclass\u001b[39m=\u001b[32m\"inline-block animate-spin rounded-full h-8 w-8 border-t-2 border-b-2 border-blue-500 mb-4\"\u001b[39m\n      \u001b[36m/>\u001b[39m\n      \u001b[36m<p\u001b[39m\n        \u001b[33mclass\u001b[39m=\u001b[32m\"text-gray-400\"\u001b[39m\n      \u001b[36m>\u001b[39m\n        \u001b[0mSincronizando bandeja...\u001b[0m\n      \u001b[36m</p>\u001b[39m\n    \u001b[36m</div>\u001b[39m\n  \u001b[36m</div>\u001b[39m\n\u001b[36m</body>\u001b[39m\n    at Object.getElementError (C:\\Users\\Marto\\Desktop\\PCFIX-Baru\\node_modules\\@testing-library\\dom\\dist\\config.js:37:19)\n    at C:\\Users\\Marto\\Desktop\\PCFIX-Baru\\node_modules\\@testing-library\\dom\\dist\\query-helpers.js:76:38\n    at C:\\Users\\Marto\\Desktop\\PCFIX-Baru\\node_modules\\@testing-library\\dom\\dist\\query-helpers.js:52:17\n    at C:\\Users\\Marto\\Desktop\\PCFIX-Baru\\node_modules\\@testing-library\\dom\\dist\\query-helpers.js:95:19\n    at C:/Users/Marto/Desktop/PCFIX-Baru/packages/web/src/components/admin/core/SupportInbox.test.tsx:50:23\n    at file:///C:/Users/Marto/Desktop/PCFIX-Baru/node_modules/@vitest/runner/dist/index.js:145:11\n    at file:///C:/Users/Marto/Desktop/PCFIX-Baru/node_modules/@vitest/runner/dist/index.js:915:26\n    at file:///C:/Users/Marto/Desktop/PCFIX-Baru/node_modules/@vitest/runner/dist/index.js:1240:20\n    at new Promise (<anonymous>)\n    at runWithTimeout (file:///C:/Users/Marto/Desktop/PCFIX-Baru/node_modules/@vitest/runner/dist/index.js:1206:10)"],"meta":{}},{"ancestorTitles":["SupportInbox"],"fullName":"SupportInbox renders inquiries list","status":"failed","title":"renders inquiries list","duration":1020.5605,"failureMessages":["Error: Unable to find an element with the text: user1@test.com. This could be because the text is broken up by multiple elements. In this case, you can provide a function for your text matcher to make your matcher more flexible.\n\nIgnored nodes: comments, script, style\n\u001b[36m<body>\u001b[39m\n  \u001b[36m<div>\u001b[39m\n    \u001b[36m<div\u001b[39m\n      \u001b[33mclass\u001b[39m=\u001b[32m\"space-y-4 animate-in fade-in duration-500\"\u001b[39m\n    \u001b[36m>\u001b[39m\n      \u001b[36m<div\u001b[39m\n        \u001b[33mclass\u001b[39m=\u001b[32m\"flex justify-between items-center mb-4\"\u001b[39m\n      \u001b[36m>\u001b[39m\n        \u001b[36m<h2\u001b[39m\n          \u001b[33mclass\u001b[39m=\u001b[32m\"font-bold text-gray-700\"\u001b[39m\n        \u001b[36m>\u001b[39m\n          \u001b[0mMensajes (\u001b[0m\n          \u001b[0m2\u001b[0m\n          \u001b[0m)\u001b[0m\n        \u001b[36m</h2>\u001b[39m\n        \u001b[36m<button\u001b[39m\n          \u001b[33mclass\u001b[39m=\u001b[32m\"text-sm text-blue-600 hover:bg-blue-50 px-3 py-1 rounded transition-colors flex items-center gap-1\"\u001b[39m\n        \u001b[36m>\u001b[39m\n          \u001b[36m<svg\u001b[39m\n            \u001b[33mclass\u001b[39m=\u001b[32m\"w-4 h-4\"\u001b[39m\n            \u001b[33mfill\u001b[39m=\u001b[32m\"none\"\u001b[39m\n            \u001b[33mstroke\u001b[39m=\u001b[32m\"currentColor\"\u001b[39m\n            \u001b[33mstroke-width\u001b[39m=\u001b[32m\"1.5\"\u001b[39m\n            \u001b[33mviewBox\u001b[39m=\u001b[32m\"0 0 24 24\"\u001b[39m\n            \u001b[33mxmlns\u001b[39m=\u001b[32m\"http://www.w3.org/2000/svg\"\u001b[39m\n          \u001b[36m>\u001b[39m\n            \u001b[36m<path\u001b[39m\n              \u001b[33md\u001b[39m=\u001b[32m\"M16.023 9.348h4.992v-.001M2.985 19.644v-4.992m0 0h4.992m-4.993 4.992l3.181 3.183a8.25 8.25 0 0013.803-3.7M4.031 9.865a8.25 8.25 0 0113.803-3.7l3.181 3.182m0-4.991v4.99\"\u001b[39m\n              \u001b[33mstroke-linecap\u001b[39m=\u001b[32m\"round\"\u001b[39m\n              \u001b[33mstroke-linejoin\u001b[39m=\u001b[32m\"round\"\u001b[39m\n            \u001b[36m/>\u001b[39m\n          \u001b[36m</svg>\u001b[39m\n          \u001b[0mActualizar\u001b[0m\n        \u001b[36m</button>\u001b[39m\n      \u001b[36m</div>\u001b[39m\n      \u001b[36m<div\u001b[39m\n        \u001b[33mclass\u001b[39m=\u001b[32m\"bg-white border p-6 rounded-xl shadow-sm transition-all hover:shadow-md border-l-4 border-l-green-500 opacity-75\"\u001b[39m\n      \u001b[36m>\u001b[39m\n        \u001b[36m<div\u001b[39m\n          \u001b[33mclass\u001b[39m=\u001b[32m\"flex justify-between mb-3\"\u001b[39m\n        \u001b[36m>\u001b[39m\n          \u001b[36m<div>\u001b[39m\n            \u001b[36m<span\u001b[39m\n              \u001b[33mclass\u001b[39m=\u001b[32m\"font-bold text-lg text-gray-800 block\"\u001b[39m\n            \u001b[36m/>\u001b[39m\n            \u001b[36m<span\u001b[39m\n              \u001b[33mclass\u001b[39m=\u001b[32m\"text-xs text-gray-500\"\u001b[39m\n            \u001b[36m>\u001b[39m\n              \u001b[0mDe: \u001b[0m\n              \u001b[36m<strong>\u001b[39m\n                \u001b[0mUsuario\u001b[0m\n                \u001b[0m \u001b[0m\n              \u001b[36m</strong>\u001b[39m\n              \u001b[0m • \u001b[0m\n              \u001b[0m10/3/2024, 07:00:00\u001b[0m\n            \u001b[36m</span>\u001b[39m\n          \u001b[36m</div>\u001b[39m\n          \u001b[36m<span\u001b[39m\n            \u001b[33mclass\u001b[39m=\u001b[32m\"text-xs px-3 py-1 rounded-full h-fit font-bold bg-green-100 text-green-700\"\u001b[39m\n          \u001b[36m/>\u001b[39m\n        \u001b[36m</div>\u001b[39m\n        \u001b[36m<div\u001b[39m\n          \u001b[33mclass\u001b[39m=\u001b[32m\"bg-gray-50 p-4 rounded-lg text-sm text-gray-700 mb-4 border border-gray-100 relative\"\u001b[39m\n        \u001b[36m>\u001b[39m\n          \u001b[36m<span\u001b[39m\n            \u001b[33mclass\u001b[39m=\u001b[32m\"absolute top-2 left-2 text-gray-300 text-2xl leading-none\"\u001b[39m\n          \u001b[36m>\u001b[39m\n            \u001b[0m\"\u001b[0m\n          \u001b[36m</span>\u001b[39m\n          \u001b[36m<p\u001b[39m\n            \u001b[33mclass\u001b[39m=\u001b[32m\"px-4 relative z-10\"\u001b[39m\n          \u001b[36m>\u001b[39m\n            \u001b[0mConsulta sobre producto X\u001b[0m\n          \u001b[36m</p>\u001b[39m\n        \u001b[36m</div>\u001b[39m\n        \u001b[36m<div\u001b[39m\n          \u001b[33mclass\u001b[39m=\u001b[32m\"mt-4 pt-4 border-t border-gray-100\"\u001b[39m\n        \u001b[36m>\u001b[39m\n          \u001b[36m<div\u001b[39m\n            \u001b[33mclass\u001b[39m=\u001b[32m\"flex justify-end\"\u001b[39m\n          \u001b[36m>\u001b[39m\n            \u001b[36m<button\u001b[39m\n              \u001b[33mclass\u001b[39m=\u001b[32m\"text-blue-600 text-sm font-bold hover:bg-blue-50 px-4 py-2 rounded-lg transition-colors border border-blue-200 flex items-center gap-2\"\u001b[39m\n            \u001b[36m>\u001b[39m\n              \u001b[36m<svg\u001b[39m\n                \u001b[33mclass\u001b[39m=\u001b[32m\"w-4 h-4\"\u001b[39m\n                \u001b[33mfill\u001b[39m=\u001b[32m\"none\"\u001b[39m\n                \u001b[33mstroke\u001b[39m=\u001b[32m\"currentColor\"\u001b[39m\n                \u001b[33mstroke-width\u001b[39m=\u001b[32m\"2\"\u001b[39m\n                \u001b[33mviewBox\u001b[39m=\u001b[32m\"0 0 24 24\"\u001b[39m\n                \u001b[33mxmlns\u001b[39m=\u001b[32m\"http://www.w3.org/2000/svg\"\u001b[39m\n              \u001b[36m>\u001b[39m\n                \u001b[36m<path\u001b[39m\n                  \u001b[33md\u001b[39m=\u001b[32m\"M3 16.5v2.25A2.25 2.25 0 005.25 21h13.5A2.25 2.25 0 0021 18.75V16.5m-13.5-9L12 3m0 0 4.5 4.5M12 3v13.5\"\u001b[39m\n                  \u001b[33mstroke-linecap\u001b[39m=\u001b[32m\"round\"\u001b[39m\n                  \u001b[33mstroke-linejoin\u001b[39m=\u001b[32m\"round\"\u001b[39m\n                \u001b[36m/>\u001b[39m\n              \u001b[36m</svg>\u001b[39m\n              \u001b[0mResponder Consulta\u001b[0m\n            \u001b[36m</button>\u001b[39m\n          \u001b[36m</div>\u001b[39m\n        \u001b[36m</div>\u001b[39m\n      \u001b[36m</div>\u001b[39m\n      \u001b[36m<div\u001b[39m\n        \u001b[33mclass\u001b[39m=\u001b[32m\"bg-white border p-6 rounded-xl shadow-sm transition-all hover:shadow-md border-l-4 border-l-green-500 opacity-75\"\u001b[39m\n      \u001b[36m>\u001b[39m\n        \u001b[36m<div\u001b[39m\n          \u001b[33mclass\u001b[39m=\u001b[32m\"flex justify-between mb-3\"\u001b[39m\n        \u001b[36m>\u001b[39m\n          \u001b[36m<div>\u001b[39m\n            \u001b[36m<span\u001b[39m\n              \u001b[33mclass\u001b[39m=\u001b[32m\"font-bold text-lg text-gray-800 block\"\u001b[39m\n            \u001b[36m/>\u001b[39m\n            \u001b[36m<span\u001b[39m\n              \u001b[33mclass\u001b[39m=\u001b[32m\"text-xs text-gray-500\"\u001b[39m\n            \u001b[36m>\u001b[39m\n              \u001b[0mDe: \u001b[0m\n              \u001b[36m<strong>\u001b[39m\n                \u001b[0mUsuario\u001b[0m\n                \u001b[0m \u001b[0m\n              \u001b[36m</strong>\u001b[39m\n              \u001b[0m • \u001b[0m\n              \u001b[0m9/3/2024, 12:30:00\u001b[0m\n            \u001b[36m</span>\u001b[39m\n          \u001b[36m</div>\u001b[39m\n          \u001b[36m<span\u001b[39m\n            \u001b[33mclass\u001b[39m=\u001b[32m\"text-xs px-3 py-1 rounded-full h-fit font-bold bg-green-100 text-green-700\"\u001b[39m\n          \u001b[36m/>\u001b[39m\n        \u001b[36m</div>\u001b[39m\n        \u001b[36m<div\u001b[39m\n          \u001b[33mclass\u001b[39m=\u001b[32m\"bg-gray-50 p-4 rounded-lg text-sm text-gray-700 mb-4 border border-gray-100 relative\"\u001b[39m\n        \u001b[36m>\u001b[39m\n          \u001b[36m<span\u001b[39m\n            \u001b[33mclass\u001b[39m=\u001b[32m\"absolute top-2 left-2 text-gray-300 text-2xl leading-none\"\u001b[39m\n          \u001b[36m>\u001b[39m\n            \u001b[0m\"\u001b[0m\n          \u001b[36m</span>\u001b[39m\n          \u001b[36m<p\u001b[39m\n            \u001b[33mclass\u001b[39m=\u001b[32m\"px-4 relative z-10\"\u001b[39m\n          \u001b[36m>\u001b[39m\n            \u001b[0mProblema con envío\u001b[0m\n          \u001b[36m</p>\u001b[39m\n        \u001b[36m</div>\u001b[39m\n        \u001b[36m<div\u001b[39m\n          \u001b[33mclass\u001b[39m=\u001b[32m\"mt-4 pt-4 border-t border-gray-100\"\u001b[39m\n        \u001b[36m>\u001b[39m\n          \u001b[36m<div\u001b[39m\n            \u001b[33mclass\u001b[39m=\u001b[32m\"flex justify-end\"\u001b[39m\n          \u001b[36m>\u001b[39m\n            \u001b[36m<button\u001b[39m\n              \u001b[33mclass\u001b[39m=\u001b[32m\"text-blue-600 text-sm font-bold hover:bg-blue-50 px-4 py-2 rounded-lg transition-colors border border-blue-200 flex items-center gap-2\"\u001b[39m\n            \u001b[36m>\u001b[39m\n              \u001b[36m<svg\u001b[39m\n                \u001b[33mclass\u001b[39m=\u001b[32m\"w-4 h-4\"\u001b[39m\n                \u001b[33mfill\u001b[39m=\u001b[32m\"none\"\u001b[39m\n                \u001b[33mstroke\u001b[39m=\u001b[32m\"currentColor\"\u001b[39m\n                \u001b[33mstroke-width\u001b[39m=\u001b[32m\"2\"\u001b[39m\n                \u001b[33mviewBox\u001b[39m=\u001b[32m\"0 0 24 24\"\u001b[39m\n                \u001b[33mxmlns\u001b[39m=\u001b[32m\"http://www.w3.org/2000/svg\"\u001b[39m\n              \u001b[36m>\u001b[39m\n                \u001b[36m<path\u001b[39m\n                  \u001b[33md\u001b[39m=\u001b[32m\"M3 16.5v2.25A2.25 2.25 0 005.25 21h13.5A2.25 2.25 0 0021 18.75V16.5m-13.5-9L12 3m0 0 4.5 4.5M12 3v13.5\"\u001b[39m\n                  \u001b[33mstroke-linecap\u001b[39m=\u001b[32m\"round\"\u001b[39m\n                  \u001b[33mstroke-linejoin\u001b[39m=\u001b[32m\"round\"\u001b[39m\n                \u001b[36m/>\u001b[39m\n              \u001b[36m</svg>\u001b[39m\n              \u001b[0mResponder Consulta\u001b[0m\n            \u001b[36m</button>\u001b[39m\n          \u001b[36m</div>\u001b[39m\n        \u001b[36m</div>\u001b[39m\n      \u001b[36m</div>\u001b[39m\n    \u001b[36m</div>\u001b[39m\n  \u001b[36m</div>\u001b[39m\n\u001b[36m</body>\u001b[39m\n    at Proxy.waitForWrapper (C:\\Users\\Marto\\Desktop\\PCFIX-Baru\\node_modules\\@testing-library\\dom\\dist\\wait-for.js:163:27)\n    at C:/Users/Marto/Desktop/PCFIX-Baru/packages/web/src/components/admin/core/SupportInbox.test.tsx:62:15\n    at file:///C:/Users/Marto/Desktop/PCFIX-Baru/node_modules/@vitest/runner/dist/index.js:145:11\n    at file:///C:/Users/Marto/Desktop/PCFIX-Baru/node_modules/@vitest/runner/dist/index.js:915:26\n    at file:///C:/Users/Marto/Desktop/PCFIX-Baru/node_modules/@vitest/runner/dist/index.js:1240:20\n    at new Promise (<anonymous>)\n    at runWithTimeout (file:///C:/Users/Marto/Desktop/PCFIX-Baru/node_modules/@vitest/runner/dist/index.js:1206:10)\n    at file:///C:/Users/Marto/Desktop/PCFIX-Baru/node_modules/@vitest/runner/dist/index.js:1650:37\n    at Traces.$ (file:///C:/Users/Marto/Desktop/PCFIX-Baru/node_modules/vitest/dist/chunks/traces.U4xDYhzZ.js:115:27)\n    at trace (file:///C:/Users/Marto/Desktop/PCFIX-Baru/node_modules/vitest/dist/chunks/test.BT8LKgU9.js:239:21)"],"meta":{}},{"ancestorTitles":["SupportInbox"],"fullName":"SupportInbox shows product chip when inquiry is about a product","status":"failed","title":"shows product chip when inquiry is about a product","duration":1018.3972000000003,"failureMessages":["Error: Unable to find an element with the text: Producto: Producto X. This could be because the text is broken up by multiple elements. In this case, you can provide a function for your text matcher to make your matcher more flexible.\n\nIgnored nodes: comments, script, style\n\u001b[36m<body>\u001b[39m\n  \u001b[36m<div>\u001b[39m\n    \u001b[36m<div\u001b[39m\n      \u001b[33mclass\u001b[39m=\u001b[32m\"space-y-4 animate-in fade-in duration-500\"\u001b[39m\n    \u001b[36m>\u001b[39m\n      \u001b[36m<div\u001b[39m\n        \u001b[33mclass\u001b[39m=\u001b[32m\"flex justify-between items-center mb-4\"\u001b[39m\n      \u001b[36m>\u001b[39m\n        \u001b[36m<h2\u001b[39m\n          \u001b[33mclass\u001b[39m=\u001b[32m\"font-bold text-gray-700\"\u001b[39m\n        \u001b[36m>\u001b[39m\n          \u001b[0mMensajes (\u001b[0m\n          \u001b[0m2\u001b[0m\n          \u001b[0m)\u001b[0m\n        \u001b[36m</h2>\u001b[39m\n        \u001b[36m<button\u001b[39m\n          \u001b[33mclass\u001b[39m=\u001b[32m\"text-sm text-blue-600 hover:bg-blue-50 px-3 py-1 rounded transition-colors flex items-center gap-1\"\u001b[39m\n        \u001b[36m>\u001b[39m\n          \u001b[36m<svg\u001b[39m\n            \u001b[33mclass\u001b[39m=\u001b[32m\"w-4 h-4\"\u001b[39m\n            \u001b[33mfill\u001b[39m=\u001b[32m\"none\"\u001b[39m\n            \u001b[33mstroke\u001b[39m=\u001b[32m\"currentColor\"\u001b[39m\n            \u001b[33mstroke-width\u001b[39m=\u001b[32m\"1.5\"\u001b[39m\n            \u001b[33mviewBox\u001b[39m=\u001b[32m\"0 0 24 24\"\u001b[39m\n            \u001b[33mxmlns\u001b[39m=\u001b[32m\"http://www.w3.org/2000/svg\"\u001b[39m\n          \u001b[36m>\u001b[39m\n            \u001b[36m<path\u001b[39m\n              \u001b[33md\u001b[39m=\u001b[32m\"M16.023 9.348h4.992v-.001M2.985 19.644v-4.992m0 0h4.992m-4.993 4.992l3.181 3.183a8.25 8.25 0 0013.803-3.7M4.031 9.865a8.25 8.25 0 0113.803-3.7l3.181 3.182m0-4.991v4.99\"\u001b[39m\n              \u001b[33mstroke-linecap\u001b[39m=\u001b[32m\"round\"\u001b[39m\n              \u001b[33mstroke-linejoin\u001b[39m=\u001b[32m\"round\"\u001b[39m\n            \u001b[36m/>\u001b[39m\n          \u001b[36m</svg>\u001b[39m\n          \u001b[0mActualizar\u001b[0m\n        \u001b[36m</button>\u001b[39m\n      \u001b[36m</div>\u001b[39m\n      \u001b[36m<div\u001b[39m\n        \u001b[33mclass\u001b[39m=\u001b[32m\"bg-white border p-6 rounded-xl shadow-sm transition-all hover:shadow-md border-l-4 border-l-green-500 opacity-75\"\u001b[39m\n      \u001b[36m>\u001b[39m\n        \u001b[36m<div\u001b[39m\n          \u001b[33mclass\u001b[39m=\u001b[32m\"flex justify-between mb-3\"\u001b[39m\n        \u001b[36m>\u001b[39m\n          \u001b[36m<div>\u001b[39m\n            \u001b[36m<span\u001b[39m\n              \u001b[33mclass\u001b[39m=\u001b[32m\"font-bold text-lg text-gray-800 block\"\u001b[39m\n            \u001b[36m/>\u001b[39m\n            \u001b[36m<span\u001b[39m\n              \u001b[33mclass\u001b[39m=\u001b[32m\"text-xs text-gray-500\"\u001b[39m\n            \u001b[36m>\u001b[39m\n              \u001b[0mDe: \u001b[0m\n              \u001b[36m<strong>\u001b[39m\n                \u001b[0mUsuario\u001b[0m\n                \u001b[0m \u001b[0m\n              \u001b[36m</strong>\u001b[39m\n              \u001b[0m • \u001b[0m\n              \u001b[0m10/3/2024, 07:00:00\u001b[0m\n            \u001b[36m</span>\u001b[39m\n          \u001b[36m</div>\u001b[39m\n          \u001b[36m<span\u001b[39m\n            \u001b[33mclass\u001b[39m=\u001b[32m\"text-xs px-3 py-1 rounded-full h-fit font-bold bg-green-100 text-green-700\"\u001b[39m\n          \u001b[36m/>\u001b[39m\n        \u001b[36m</div>\u001b[39m\n        \u001b[36m<div\u001b[39m\n          \u001b[33mclass\u001b[39m=\u001b[32m\"bg-gray-50 p-4 rounded-lg text-sm text-gray-700 mb-4 border border-gray-100 relative\"\u001b[39m\n        \u001b[36m>\u001b[39m\n          \u001b[36m<span\u001b[39m\n            \u001b[33mclass\u001b[39m=\u001b[32m\"absolute top-2 left-2 text-gray-300 text-2xl leading-none\"\u001b[39m\n          \u001b[36m>\u001b[39m\n            \u001b[0m\"\u001b[0m\n          \u001b[36m</span>\u001b[39m\n          \u001b[36m<p\u001b[39m\n            \u001b[33mclass\u001b[39m=\u001b[32m\"px-4 relative z-10\"\u001b[39m\n          \u001b[36m>\u001b[39m\n            \u001b[0mConsulta sobre producto X\u001b[0m\n          \u001b[36m</p>\u001b[39m\n        \u001b[36m</div>\u001b[39m\n        \u001b[36m<div\u001b[39m\n          \u001b[33mclass\u001b[39m=\u001b[32m\"mt-4 pt-4 border-t border-gray-100\"\u001b[39m\n        \u001b[36m>\u001b[39m\n          \u001b[36m<div\u001b[39m\n            \u001b[33mclass\u001b[39m=\u001b[32m\"flex justify-end\"\u001b[39m\n          \u001b[36m>\u001b[39m\n            \u001b[36m<button\u001b[39m\n              \u001b[33mclass\u001b[39m=\u001b[32m\"text-blue-600 text-sm font-bold hover:bg-blue-50 px-4 py-2 rounded-lg transition-colors border border-blue-200 flex items-center gap-2\"\u001b[39m\n            \u001b[36m>\u001b[39m\n              \u001b[36m<svg\u001b[39m\n                \u001b[33mclass\u001b[39m=\u001b[32m\"w-4 h-4\"\u001b[39m\n                \u001b[33mfill\u001b[39m=\u001b[32m\"none\"\u001b[39m\n                \u001b[33mstroke\u001b[39m=\u001b[32m\"currentColor\"\u001b[39m\n                \u001b[33mstroke-width\u001b[39m=\u001b[32m\"2\"\u001b[39m\n                \u001b[33mviewBox\u001b[39m=\u001b[32m\"0 0 24 24\"\u001b[39m\n                \u001b[33mxmlns\u001b[39m=\u001b[32m\"http://www.w3.org/2000/svg\"\u001b[39m\n              \u001b[36m>\u001b[39m\n                \u001b[36m<path\u001b[39m\n                  \u001b[33md\u001b[39m=\u001b[32m\"M3 16.5v2.25A2.25 2.25 0 005.25 21h13.5A2.25 2.25 0 0021 18.75V16.5m-13.5-9L12 3m0 0 4.5 4.5M12 3v13.5\"\u001b[39m\n                  \u001b[33mstroke-linecap\u001b[39m=\u001b[32m\"round\"\u001b[39m\n                  \u001b[33mstroke-linejoin\u001b[39m=\u001b[32m\"round\"\u001b[39m\n                \u001b[36m/>\u001b[39m\n              \u001b[36m</svg>\u001b[39m\n              \u001b[0mResponder Consulta\u001b[0m\n            \u001b[36m</button>\u001b[39m\n          \u001b[36m</div>\u001b[39m\n        \u001b[36m</div>\u001b[39m\n      \u001b[36m</div>\u001b[39m\n      \u001b[36m<div\u001b[39m\n        \u001b[33mclass\u001b[39m=\u001b[32m\"bg-white border p-6 rounded-xl shadow-sm transition-all hover:shadow-md border-l-4 border-l-green-500 opacity-75\"\u001b[39m\n      \u001b[36m>\u001b[39m\n        \u001b[36m<div\u001b[39m\n          \u001b[33mclass\u001b[39m=\u001b[32m\"flex justify-between mb-3\"\u001b[39m\n        \u001b[36m>\u001b[39m\n          \u001b[36m<div>\u001b[39m\n            \u001b[36m<span\u001b[39m\n              \u001b[33mclass\u001b[39m=\u001b[32m\"font-bold text-lg text-gray-800 block\"\u001b[39m\n            \u001b[36m/>\u001b[39m\n            \u001b[36m<span\u001b[39m\n              \u001b[33mclass\u001b[39m=\u001b[32m\"text-xs text-gray-500\"\u001b[39m\n            \u001b[36m>\u001b[39m\n              \u001b[0mDe: \u001b[0m\n              \u001b[36m<strong>\u001b[39m\n                \u001b[0mUsuario\u001b[0m\n                \u001b[0m \u001b[0m\n              \u001b[36m</strong>\u001b[39m\n              \u001b[0m • \u001b[0m\n              \u001b[0m9/3/2024, 12:30:00\u001b[0m\n            \u001b[36m</span>\u001b[39m\n          \u001b[36m</div>\u001b[39m\n          \u001b[36m<span\u001b[39m\n            \u001b[33mclass\u001b[39m=\u001b[32m\"text-xs px-3 py-1 rounded-full h-fit font-bold bg-green-100 text-green-700\"\u001b[39m\n          \u001b[36m/>\u001b[39m\n        \u001b[36m</div>\u001b[39m\n        \u001b[36m<div\u001b[39m\n          \u001b[33mclass\u001b[39m=\u001b[32m\"bg-gray-50 p-4 rounded-lg text-sm text-gray-700 mb-4 border border-gray-100 relative\"\u001b[39m\n        \u001b[36m>\u001b[39m\n          \u001b[36m<span\u001b[39m\n            \u001b[33mclass\u001b[39m=\u001b[32m\"absolute top-2 left-2 text-gray-300 text-2xl leading-none\"\u001b[39m\n          \u001b[36m>\u001b[39m\n            \u001b[0m\"\u001b[0m\n          \u001b[36m</span>\u001b[39m\n          \u001b[36m<p\u001b[39m\n            \u001b[33mclass\u001b[39m=\u001b[32m\"px-4 relative z-10\"\u001b[39m\n          \u001b[36m>\u001b[39m\n            \u001b[0mProblema con envío\u001b[0m\n          \u001b[36m</p>\u001b[39m\n        \u001b[36m</div>\u001b[39m\n        \u001b[36m<div\u001b[39m\n          \u001b[33mclass\u001b[39m=\u001b[32m\"mt-4 pt-4 border-t border-gray-100\"\u001b[39m\n        \u001b[36m>\u001b[39m\n          \u001b[36m<div\u001b[39m\n            \u001b[33mclass\u001b[39m=\u001b[32m\"flex justify-end\"\u001b[39m\n          \u001b[36m>\u001b[39m\n            \u001b[36m<button\u001b[39m\n              \u001b[33mclass\u001b[39m=\u001b[32m\"text-blue-600 text-sm font-bold hover:bg-blue-50 px-4 py-2 rounded-lg transition-colors border border-blue-200 flex items-center gap-2\"\u001b[39m\n            \u001b[36m>\u001b[39m\n              \u001b[36m<svg\u001b[39m\n                \u001b[33mclass\u001b[39m=\u001b[32m\"w-4 h-4\"\u001b[39m\n                \u001b[33mfill\u001b[39m=\u001b[32m\"none\"\u001b[39m\n                \u001b[33mstroke\u001b[39m=\u001b[32m\"currentColor\"\u001b[39m\n                \u001b[33mstroke-width\u001b[39m=\u001b[32m\"2\"\u001b[39m\n                \u001b[33mviewBox\u001b[39m=\u001b[32m\"0 0 24 24\"\u001b[39m\n                \u001b[33mxmlns\u001b[39m=\u001b[32m\"http://www.w3.org/2000/svg\"\u001b[39m\n              \u001b[36m>\u001b[39m\n                \u001b[36m<path\u001b[39m\n                  \u001b[33md\u001b[39m=\u001b[32m\"M3 16.5v2.25A2.25 2.25 0 005.25 21h13.5A2.25 2.25 0 0021 18.75V16.5m-13.5-9L12 3m0 0 4.5 4.5M12 3v13.5\"\u001b[39m\n                  \u001b[33mstroke-linecap\u001b[39m=\u001b[32m\"round\"\u001b[39m\n                  \u001b[33mstroke-linejoin\u001b[39m=\u001b[32m\"round\"\u001b[39m\n                \u001b[36m/>\u001b[39m\n              \u001b[36m</svg>\u001b[39m\n              \u001b[0mResponder Consulta\u001b[0m\n            \u001b[36m</button>\u001b[39m\n          \u001b[36m</div>\u001b[39m\n        \u001b[36m</div>\u001b[39m\n      \u001b[36m</div>\u001b[39m\n    \u001b[36m</div>\u001b[39m\n  \u001b[36m</div>\u001b[39m\n\u001b[36m</body>\u001b[39m\n    at Proxy.waitForWrapper (C:\\Users\\Marto\\Desktop\\PCFIX-Baru\\node_modules\\@testing-library\\dom\\dist\\wait-for.js:163:27)\n    at C:/Users/Marto/Desktop/PCFIX-Baru/packages/web/src/components/admin/core/SupportInbox.test.tsx:77:15\n    at file:///C:/Users/Marto/Desktop/PCFIX-Baru/node_modules/@vitest/runner/dist/index.js:145:11\n    at file:///C:/Users/Marto/Desktop/PCFIX-Baru/node_modules/@vitest/runner/dist/index.js:915:26\n    at file:///C:/Users/Marto/Desktop/PCFIX-Baru/node_modules/@vitest/runner/dist/index.js:1240:20\n    at new Promise (<anonymous>)\n    at runWithTimeout (file:///C:/Users/Marto/Desktop/PCFIX-Baru/node_modules/@vitest/runner/dist/index.js:1206:10)\n    at file:///C:/Users/Marto/Desktop/PCFIX-Baru/node_modules/@vitest/runner/dist/index.js:1650:37\n    at Traces.$ (file:///C:/Users/Marto/Desktop/PCFIX-Baru/node_modules/vitest/dist/chunks/traces.U4xDYhzZ.js:115:27)\n    at trace (file:///C:/Users/Marto/Desktop/PCFIX-Baru/node_modules/vitest/dist/chunks/test.BT8LKgU9.js:239:21)"],"meta":{}},{"ancestorTitles":["SupportInbox"],"fullName":"SupportInbox filters correctly between pending and responded","status":"failed","title":"filters correctly between pending and responded","duration":1044.031,"failureMessages":["Error: Unable to find an element with the text: user1@test.com. This could be because the text is broken up by multiple elements. In this case, you can provide a function for your text matcher to make your matcher more flexible.\n\nIgnored nodes: comments, script, style\n\u001b[36m<body>\u001b[39m\n  \u001b[36m<div>\u001b[39m\n    \u001b[36m<div\u001b[39m\n      \u001b[33mclass\u001b[39m=\u001b[32m\"space-y-4 animate-in fade-in duration-500\"\u001b[39m\n    \u001b[36m>\u001b[39m\n      \u001b[36m<div\u001b[39m\n        \u001b[33mclass\u001b[39m=\u001b[32m\"flex justify-between items-center mb-4\"\u001b[39m\n      \u001b[36m>\u001b[39m\n        \u001b[36m<h2\u001b[39m\n          \u001b[33mclass\u001b[39m=\u001b[32m\"font-bold text-gray-700\"\u001b[39m\n        \u001b[36m>\u001b[39m\n          \u001b[0mMensajes (\u001b[0m\n          \u001b[0m2\u001b[0m\n          \u001b[0m)\u001b[0m\n        \u001b[36m</h2>\u001b[39m\n        \u001b[36m<button\u001b[39m\n          \u001b[33mclass\u001b[39m=\u001b[32m\"text-sm text-blue-600 hover:bg-blue-50 px-3 py-1 rounded transition-colors flex items-center gap-1\"\u001b[39m\n        \u001b[36m>\u001b[39m\n          \u001b[36m<svg\u001b[39m\n            \u001b[33mclass\u001b[39m=\u001b[32m\"w-4 h-4\"\u001b[39m\n            \u001b[33mfill\u001b[39m=\u001b[32m\"none\"\u001b[39m\n            \u001b[33mstroke\u001b[39m=\u001b[32m\"currentColor\"\u001b[39m\n            \u001b[33mstroke-width\u001b[39m=\u001b[32m\"1.5\"\u001b[39m\n            \u001b[33mviewBox\u001b[39m=\u001b[32m\"0 0 24 24\"\u001b[39m\n            \u001b[33mxmlns\u001b[39m=\u001b[32m\"http://www.w3.org/2000/svg\"\u001b[39m\n          \u001b[36m>\u001b[39m\n            \u001b[36m<path\u001b[39m\n              \u001b[33md\u001b[39m=\u001b[32m\"M16.023 9.348h4.992v-.001M2.985 19.644v-4.992m0 0h4.992m-4.993 4.992l3.181 3.183a8.25 8.25 0 0013.803-3.7M4.031 9.865a8.25 8.25 0 0113.803-3.7l3.181 3.182m0-4.991v4.99\"\u001b[39m\n              \u001b[33mstroke-linecap\u001b[39m=\u001b[32m\"round\"\u001b[39m\n              \u001b[33mstroke-linejoin\u001b[39m=\u001b[32m\"round\"\u001b[39m\n            \u001b[36m/>\u001b[39m\n          \u001b[36m</svg>\u001b[39m\n          \u001b[0mActualizar\u001b[0m\n        \u001b[36m</button>\u001b[39m\n      \u001b[36m</div>\u001b[39m\n      \u001b[36m<div\u001b[39m\n        \u001b[33mclass\u001b[39m=\u001b[32m\"bg-white border p-6 rounded-xl shadow-sm transition-all hover:shadow-md border-l-4 border-l-green-500 opacity-75\"\u001b[39m\n      \u001b[36m>\u001b[39m\n        \u001b[36m<div\u001b[39m\n          \u001b[33mclass\u001b[39m=\u001b[32m\"flex justify-between mb-3\"\u001b[39m\n        \u001b[36m>\u001b[39m\n          \u001b[36m<div>\u001b[39m\n            \u001b[36m<span\u001b[39m\n              \u001b[33mclass\u001b[39m=\u001b[32m\"font-bold text-
[...]
:["BannerManager"],"fullName":"BannerManager renders form and lists existing banners","status":"passed","title":"renders form and lists existing banners","duration":517.2139000000002,"failureMessages":[],"meta":{}},{"ancestorTitles":["BannerManager"],"fullName":"BannerManager validates required fields","status":"passed","title":"validates required fields","duration":68.60860000000002,"failureMessages":[],"meta":{}},{"ancestorTitles":["BannerManager"],"fullName":"BannerManager opens delete modal and confirms deletion","status":"passed","title":"opens delete modal and confirms deletion","duration":236.16890000000012,"failureMessages":[],"meta":{}}],"startTime":1765211943172,"endTime":1765211943994.169,"status":"passed","message":"","name":"C:/Users/Marto/Desktop/PCFIX-Baru/packages/web/src/components/admin/settings/BannerManager.test.tsx"},{"assertionResults":[{"ancestorTitles":["BrandManager"],"fullName":"BrandManager renders form and lists existing brands","status":"passed","title":"renders form and lists existing brands","duration":380.94900000000007,"failureMessages":[],"meta":{}},{"ancestorTitles":["BrandManager"],"fullName":"BrandManager submits new brand","status":"passed","title":"submits new brand","duration":53.085399999999936,"failureMessages":[],"meta":{}},{"ancestorTitles":["BrandManager"],"fullName":"BrandManager opens delete modal and confirms deletion","status":"passed","title":"opens delete modal and confirms deletion","duration":135.64270000000033,"failureMessages":[],"meta":{}}],"startTime":1765211942471,"endTime":1765211943041.6426,"status":"passed","message":"","name":"C:/Users/Marto/Desktop/PCFIX-Baru/packages/web/src/components/admin/settings/BrandManager.test.tsx"},{"assertionResults":[{"ancestorTitles":["CategoryManager"],"fullName":"CategoryManager renders form and category tree","status":"passed","title":"renders form and category tree","duration":148.56680000000006,"failureMessages":[],"meta":{}},{"ancestorTitles":["CategoryManager"],"fullName":"CategoryManager submits new category","status":"passed","title":"submits new category","duration":82.51130000000012,"failureMessages":[],"meta":{}},{"ancestorTitles":["CategoryManager"],"fullName":"CategoryManager opens delete modal and confirms deletion","status":"passed","title":"opens delete modal and confirms deletion","duration":49.84970000000021,"failureMessages":[],"meta":{}}],"startTime":1765211946892,"endTime":1765211947173.8496,"status":"passed","message":"","name":"C:/Users/Marto/Desktop/PCFIX-Baru/packages/web/src/components/admin/settings/CategoryManager.test.tsx"},{"assertionResults":[],"startTime":1765211937154,"endTime":1765211937154,"status":"failed","message":"Transform failed with 1 error:\nC:/Users/Marto/Desktop/PCFIX-Baru/packages/web/src/components/admin/settings/ConfigForm.test.tsx:77:15: ERROR: Unexpected \"{\"","name":"C:/Users/Marto/Desktop/PCFIX-Baru/packages/web/src/components/admin/settings/ConfigForm.test.tsx"},{"assertionResults":[{"ancestorTitles":["LoginForm"],"fullName":"LoginForm renders login form correctly","status":"passed","title":"renders login form correctly","duration":426.2266999999997,"failureMessages":[],"meta":{}},{"ancestorTitles":["LoginForm"],"fullName":"LoginForm shows validation errors for empty fields","status":"passed","title":"shows validation errors for empty fields","duration":120.70819999999958,"failureMessages":[],"meta":{}},{"ancestorTitles":["LoginForm"],"fullName":"LoginForm handles successful login and redirects","status":"passed","title":"handles successful login and redirects","duration":289.8426999999997,"failureMessages":[],"meta":{}},{"ancestorTitles":["LoginForm"],"fullName":"LoginForm handles login error","status":"passed","title":"handles login error","duration":59.800099999999475,"failureMessages":[],"meta":{}}],"startTime":1765211940830,"endTime":1765211941726.8,"status":"passed","message":"","name":"C:/Users/Marto/Desktop/PCFIX-Baru/packages/web/src/components/store/auth/LoginForm.test.tsx"},{"assertionResults":[{"ancestorTitles":["RegisterForm"],"fullName":"RegisterForm renders register form correctly","status":"passed","title":"renders register form correctly","duration":432.81320000000005,"failureMessages":[],"meta":{}},{"ancestorTitles":["RegisterForm"],"fullName":"RegisterForm shows validation error for password mismatch","status":"passed","title":"shows validation error for password mismatch","duration":168.77030000000013,"failureMessages":[],"meta":{}},{"ancestorTitles":["RegisterForm"],"fullName":"RegisterForm handles successful registration","status":"passed","title":"handles successful registration","duration":2221.6965999999998,"failureMessages":[],"meta":{}}],"startTime":1765211940681,"endTime":1765211943504.6965,"status":"passed","message":"","name":"C:/Users/Marto/Desktop/PCFIX-Baru/packages/web/src/components/store/auth/RegisterForm.test.tsx"},{"assertionResults":[{"ancestorTitles":["CartIcon"],"fullName":"CartIcon renders cart icon image","status":"passed","title":"renders cart icon image","duration":54.30549999999994,"failureMessages":[],"meta":{}},{"ancestorTitles":["CartIcon"],"fullName":"CartIcon shows quantity badge when items in cart","status":"passed","title":"shows quantity badge when items in cart","duration":35.67990000000009,"failureMessages":[],"meta":{}},{"ancestorTitles":["CartIcon"],"fullName":"CartIcon does not render for admin users","status":"passed","title":"does not render for admin users","duration":17.43269999999984,"failureMessages":[],"meta":{}},{"ancestorTitles":["CartIcon"],"fullName":"CartIcon links to /carrito","status":"passed","title":"links to /carrito","duration":331.0478000000003,"failureMessages":[],"meta":{}}],"startTime":1765211945743,"endTime":1765211946181.0479,"status":"passed","message":"","name":"C:/Users/Marto/Desktop/PCFIX-Baru/packages/web/src/components/store/cart/CartIcon.test.tsx"},{"assertionResults":[{"ancestorTitles":["CartView"],"fullName":"CartView renders empty cart state","status":"passed","title":"renders empty cart state","duration":72.72670000000016,"failureMessages":[],"meta":{}},{"ancestorTitles":["CartView"],"fullName":"CartView renders items in cart","status":"passed","title":"renders items in cart","duration":97.91580000000022,"failureMessages":[],"meta":{}},{"ancestorTitles":["CartView"],"fullName":"CartView renders clear button and opens modal","status":"passed","title":"renders clear button and opens modal","duration":54.11180000000013,"failureMessages":[],"meta":{}}],"startTime":1765211947959,"endTime":1765211948184.1118,"status":"passed","message":"","name":"C:/Users/Marto/Desktop/PCFIX-Baru/packages/web/src/components/store/cart/CartView.test.tsx"},{"assertionResults":[{"ancestorTitles":["PaymentForm"],"fullName":"PaymentForm renders payment info correctly","status":"passed","title":"renders payment info correctly","duration":195.36360000000013,"failureMessages":[],"meta":{}},{"ancestorTitles":["PaymentForm"],"fullName":"PaymentForm cancels order when confirmed","status":"passed","title":"cancels order when confirmed","duration":103.0021999999999,"failureMessages":[],"meta":{}}],"startTime":1765211947061,"endTime":1765211947359.0022,"status":"passed","message":"","name":"C:/Users/Marto/Desktop/PCFIX-Baru/packages/web/src/components/store/checkout/PaymentForm.test.tsx"},{"assertionResults":[{"ancestorTitles":["AddToCart"],"fullName":"AddToCart renders add to cart button","status":"passed","title":"renders add to cart button","duration":88.75910000000022,"failureMessages":[],"meta":{}},{"ancestorTitles":["AddToCart"],"fullName":"AddToCart adds item to cart on click","status":"failed","title":"adds item to cart on click","duration":1040.3764999999999,"failureMessages":["AssertionError: expected \"vi.fn()\" to be called at least once\n\nIgnored nodes: comments, script, style\n\u001b[36m<html>\u001b[39m\n  \u001b[36m<head />\u001b[39m\n  \u001b[36m<body>\u001b[39m\n    \u001b[36m<div>\u001b[39m\n      \u001b[36m<div\u001b[39m\n        \u001b[33mclass\u001b[39m=\u001b[32m\"flex flex-col gap-4 w-full\"\u001b[39m\n      \u001b[36m>\u001b[39m\n        \u001b[36m<div\u001b[39m\n          \u001b[33mclass\u001b[39m=\u001b[32m\"flex flex-col sm:flex-row items-center justify-center gap-4 w-full\"\u001b[39m\n        \u001b[36m>\u001b[39m\n          \u001b[36m<div\u001b[39m\n            \u001b[33mclass\u001b[39m=\u001b[32m\"flex items-center border-2 border-gray-200 rounded-xl h-12 bg-white shadow-sm w-full sm:w-auto justify-between sm:justify-start\"\u001b[39m\n          \u001b[36m>\u001b[39m\n            \u001b[36m<button\u001b[39m\n              \u001b[33mclass\u001b[39m=\u001b[32m\"w-12 h-full flex items-center justify-center text-gray-500 hover:text-primary hover:bg-gray-50 rounded-l-xl transition-colors font-bold text-lg\"\u001b[39m\n              \u001b[33mdisabled\u001b[39m=\u001b[32m\"\"\u001b[39m\n            \u001b[36m>\u001b[39m\n              \u001b[0m−\u001b[0m\n            \u001b[36m</button>\u001b[39m\n            \u001b[36m<span\u001b[39m\n              \u001b[33mclass\u001b[39m=\u001b[32m\"w-12 text-center font-black text-lg text-secondary select-none\"\u001b[39m\n            \u001b[36m>\u001b[39m\n              \u001b[0m1\u001b[0m\n            \u001b[36m</span>\u001b[39m\n            \u001b[36m<button\u001b[39m\n              \u001b[33mclass\u001b[39m=\u001b[32m\"w-12 h-full flex items-center justify-center text-gray-500 hover:text-primary hover:bg-gray-50 rounded-r-xl transition-colors font-bold text-lg\"\u001b[39m\n            \u001b[36m>\u001b[39m\n              \u001b[0m+\u001b[0m\n            \u001b[36m</button>\u001b[39m\n          \u001b[36m</div>\u001b[39m\n          \u001b[36m<button\u001b[39m\n            \u001b[33mclass\u001b[39m=\u001b[32m\"flex-1 h-12 bg-primary text-white font-bold rounded-xl shadow-lg shadow-blue-200 hover:shadow-blue-300 hover:bg-opacity-90 hover:-translate-y-0.5 active:translate-y-0 transition-all flex items-center justify-center gap-2 w-full sm:w-auto\"\u001b[39m\n            \u001b[33mdisabled\u001b[39m=\u001b[32m\"\"\u001b[39m\n          \u001b[36m>\u001b[39m\n            \u001b[36m<div\u001b[39m\n              \u001b[33mclass\u001b[39m=\u001b[32m\"w-5 h-5 border-2 border-white border-t-transparent rounded-full animate-spin\"\u001b[39m\n            \u001b[36m/>\u001b[39m\n          \u001b[36m</button>\u001b[39m\n          \u001b[36m<button\u001b[39m\n            \u001b[33mclass\u001b[39m=\u001b[32m\"h-12 w-12 flex items-center justify-center rounded-xl border-2 transition-all border-gray-200 bg-white text-gray-400 hover:border-red-200 hover:text-red-400\"\u001b[39m\n            \u001b[33mtitle\u001b[39m=\u001b[32m\"Guardar en favoritos\"\u001b[39m\n          \u001b[36m>\u001b[39m\n            \u001b[36m<svg\u001b[39m\n              \u001b[33mclass\u001b[39m=\u001b[32m\"w-6 h-6 transition-transform active:scale-90\"\u001b[39m\n              \u001b[33mfill\u001b[39m=\u001b[32m\"none\"\u001b[39m\n              \u001b[33mstroke\u001b[39m=\u001b[32m\"currentColor\"\u001b[39m\n              \u001b[33mstroke-width\u001b[39m=\u001b[32m\"2\"\u001b[39m\n              \u001b[33mviewBox\u001b[39m=\u001b[32m\"0 0 24 24\"\u001b[39m\n              \u001b[33mxmlns\u001b[39m=\u001b[32m\"http://www.w3.org/2000/svg\"\u001b[39m\n            \u001b[36m>\u001b[39m\n              \u001b[36m<path\u001b[39m\n                \u001b[33md\u001b[39m=\u001b[32m\"M21 8.25c0-2.485-2.099-4.5-4.688-4.5-1.935 0-3.597 1.053-4.393 2.365-.796-1.312-2.46-2.365-4.393-2.365C5.1 3.75 3 5.765 3 8.25c0 7.22 9 12 9 12s9-4.78 9-12z\"\u001b[39m\n                \u001b[33mstroke-linecap\u001b[39m=\u001b[32m\"round\"\u001b[39m\n                \u001b[33mstroke-linejoin\u001b[39m=\u001b[32m\"round\"\u001b[39m\n              \u001b[36m/>\u001b[39m\n            \u001b[36m</svg>\u001b[39m\n          \u001b[36m</button>\u001b[39m\n        \u001b[36m</div>\u001b[39m\n      \u001b[36m</div>\u001b[39m\n    \u001b[36m</div>\u001b[39m\n  \u001b[36m</body>\u001b[39m\n\u001b[36m</html>\u001b[39m\n    at Proxy.<anonymous> (file:///C:/Users/Marto/Desktop/PCFIX-Baru/node_modules/@vitest/expect/dist/index.js:1400:10)\n    at Proxy.<anonymous> (file:///C:/Users/Marto/Desktop/PCFIX-Baru/node_modules/@vitest/expect/dist/index.js:1090:14)\n    at Proxy.methodWrapper (file:///C:/Users/Marto/Desktop/PCFIX-Baru/node_modules/chai/index.js:1700:25)\n    at C:/Users/Marto/Desktop/PCFIX-Baru/packages/web/src/components/store/product/AddToCart.test.tsx:53:34\n    at runWithExpensiveErrorDiagnosticsDisabled (C:\\Users\\Marto\\Desktop\\PCFIX-Baru\\node_modules\\@testing-library\\dom\\dist\\config.js:47:12)\n    at checkCallback (C:\\Users\\Marto\\Desktop\\PCFIX-Baru\\node_modules\\@testing-library\\dom\\dist\\wait-for.js:124:77)\n    at Timeout.checkRealTimersCallback (C:\\Users\\Marto\\Desktop\\PCFIX-Baru\\node_modules\\@testing-library\\dom\\dist\\wait-for.js:118:16)\n    at listOnTimeout (node:internal/timers:581:17)\n    at processTimers (node:internal/timers:519:7)"],"meta":{}},{"ancestorTitles":["AddToCart"],"fullName":"AddToCart renders out of stock message when stock is 0","status":"passed","title":"renders out of stock message when stock is 0","duration":7.455800000000636,"failureMessages":[],"meta":{}}],"startTime":1765211940672,"endTime":1765211941809.4558,"status":"failed","message":"","name":"C:/Users/Marto/Desktop/PCFIX-Baru/packages/web/src/components/store/product/AddToCart.test.tsx"},{"assertionResults":[{"ancestorTitles":["ProductCard"],"fullName":"ProductCard renders product details correctly","status":"passed","title":"renders product details correctly","duration":650.4532000000004,"failureMessages":[],"meta":{}},{"ancestorTitles":["ProductCard"],"fullName":"ProductCard calls addItem when \"Agregar\" is clicked","status":"passed","title":"calls addItem when \"Agregar\" is clicked","duration":169.57550000000037,"failureMessages":[],"meta":{}},{"ancestorTitles":["ProductCard"],"fullName":"ProductCard shows \"Sin Stock\" when stock is 0","status":"passed","title":"shows \"Sin Stock\" when stock is 0","duration":139.01920000000018,"failureMessages":[],"meta":{}}],"startTime":1765211943069,"endTime":1765211944028.0193,"status":"passed","message":"","name":"C:/Users/Marto/Desktop/PCFIX-Baru/packages/web/src/components/store/product/ProductCard.test.tsx"},{"assertionResults":[{"ancestorTitles":["ConfirmModal"],"fullName":"ConfirmModal renders nothing when isOpen is false","status":"passed","title":"renders nothing when isOpen is false","duration":24.05580000000009,"failureMessages":[],"meta":{}},{"ancestorTitles":["ConfirmModal"],"fullName":"ConfirmModal renders title and message when open","status":"passed","title":"renders title and message when open","duration":51.828199999999924,"failureMessages":[],"meta":{}},{"ancestorTitles":["ConfirmModal"],"fullName":"ConfirmModal calls onConfirm when confirm button clicked","status":"passed","title":"calls onConfirm when confirm button clicked","duration":21.78839999999991,"failureMessages":[],"meta":{}},{"ancestorTitles":["ConfirmModal"],"fullName":"ConfirmModal calls onCancel when cancel button clicked","status":"passed","title":"calls onCancel when cancel button clicked","duration":8.880999999999858,"failureMessages":[],"meta":{}},{"ancestorTitles":["ConfirmModal"],"fullName":"ConfirmModal uses custom button texts","status":"passed","title":"uses custom button texts","duration":10.60470000000032,"failureMessages":[],"meta":{}},{"ancestorTitles":["ConfirmModal"],"fullName":"ConfirmModal applies danger styling when isDanger is true","status":"passed","title":"applies danger styling when isDanger is true","duration":6.543299999999817,"failureMessages":[],"meta":{}}],"startTime":1765211947863,"endTime":1765211947986.5432,"status":"passed","message":"","name":"C:/Users/Marto/Desktop/PCFIX-Baru/packages/web/src/components/ui/feedback/ConfirmModal.test.tsx"},{"assertionResults":[{"ancestorTitles":["ErrorBoundary"],"fullName":"ErrorBoundary renders children when no error","status":"passed","title":"renders children when no error","duration":47.760099999999966,"failureMessages":[],"meta":{}},{"ancestorTitles":["ErrorBoundary"],"fullName":"ErrorBoundary renders default fallback when error occurs","status":"passed","title":"renders default fallback when error occurs","duration":39.58989999999994,"failureMessages":[],"meta":{}},{"ancestorTitles":["ErrorBoundary"],"fullName":"ErrorBoundary renders custom fallback when provided","status":"passed","title":"renders custom fallback when provided","duration":9.878099999999904,"failureMessages":[],"meta":{}},{"ancestorTitles":["ErrorBoundary"],"fullName":"ErrorBoundary logs error with component name","status":"passed","title":"logs error with component name","duration":17.61779999999999,"failureMessages":[],"meta":{}},{"ancestorTitles":["ErrorBoundary"],"fullName":"ErrorBoundary allows retry when button clicked","status":"passed","title":"allows retry when button clicked","duration":367.48009999999977,"failureMessages":[],"meta":{}}],"startTime":1765211945902,"endTime":1765211946384.48,"status":"passed","message":"","name":"C:/Users/Marto/Desktop/PCFIX-Baru/packages/web/src/components/ui/feedback/ErrorBoundary.test.tsx"},{"assertionResults":[{"ancestorTitles":["ToastContainer"],"fullName":"ToastContainer renders toasts from store","status":"passed","title":"renders toasts from store","duration":60.23669999999993,"failureMessages":[],"meta":{}},{"ancestorTitles":["ToastContainer"],"fullName":"ToastContainer renders container with correct positioning classes","status":"passed","title":"renders container with correct positioning classes","duration":7.886800000000221,"failureMessages":[],"meta":{}}],"startTime":1765211948934,"endTime":1765211949002.8867,"status":"passed","message":"","name":"C:/Users/Marto/Desktop/PCFIX-Baru/packages/web/src/components/ui/feedback/ToastContainer.test.tsx"},{"assertionResults":[{"ancestorTitles":["WhatsAppButton"],"fullName":"WhatsAppButton renders WhatsApp link","status":"passed","title":"renders WhatsApp link","duration":370.8339000000001,"failureMessages":[],"meta":{}},{"ancestorTitles":["WhatsAppButton"],"fullName":"WhatsAppButton has correct WhatsApp URL with phone number","status":"passed","title":"has correct WhatsApp URL with phone number","duration":70.21270000000004,"failureMessages":[],"meta":{}},{"ancestorTitles":["WhatsAppButton"],"fullName":"WhatsAppButton opens in new tab","status":"passed","title":"opens in new tab","duration":67.6518000000001,"failureMessages":[],"meta":{}},{"ancestorTitles":["WhatsAppButton"],"fullName":"WhatsAppButton has correct aria-label for accessibility","status":"passed","title":"has correct aria-label for accessibility","duration":9.434400000000096,"failureMessages":[],"meta":{}},{"ancestorTitles":["WhatsAppButton"],"fullName":"WhatsAppButton has fixed positioning classes","status":"passed","title":"has fixed positioning classes","duration":43.16869999999972,"failureMessages":[],"meta":{}}],"startTime":1765211944148,"endTime":1765211944710.1687,"status":"passed","message":"","name":"C:/Users/Marto/Desktop/PCFIX-Baru/packages/web/src/components/ui/feedback/WhatsAppButton.test.tsx"},{"assertionResults":[{"ancestorTitles":["LiveSearch"],"fullName":"LiveSearch renders search input","status":"passed","title":"renders search input","duration":77.20470000000023,"failureMessages":[],"meta":{}},{"ancestorTitles":["LiveSearch"],"fullName":"LiveSearch debounces search input and calls API","status":"passed","title":"debounces search input and calls API","duration":48.09850000000006,"failureMessages":[],"meta":{}},{"ancestorTitles":["LiveSearch"],"fullName":"LiveSearch shows loading state","status":"passed","title":"shows loading state","duration":18.29509999999982,"failureMessages":[],"meta":{}}],"startTime":1765211947963,"endTime":1765211948106.2952,"status":"passed","message":"","name":"C:/Users/Marto/Desktop/PCFIX-Baru/packages/web/src/components/ui/forms/LiveSearch.test.tsx"}]}